2020-04-11 18:54:37 | [INFO]    | Discordia 2.6.0
2020-04-11 18:54:37 | [INFO]    | Connecting to Discord...
2020-04-11 18:54:37 | [INFO]    | Authenticated as Hojo#6530
2020-04-11 18:54:37 | [INFO]    | Launching shard 0 (1 out of 1)...
2020-04-11 18:54:38 | [INFO]    | Shard 0 : Connected to wss://gateway.discord.gg
2020-04-11 18:54:38 | [INFO]    | Shard 0 : Received HELLO (["gateway-prd-main-ntfc",{"micros":0.0}])
2020-04-11 18:54:38 | [INFO]    | Shard 0 : Received READY (["gateway-prd-main-ntfc",{"micros":63481,"calls":["discord-sessions-prd-1-24",{"micros":59670,"calls":["start_session",{"micros":57344,"calls":["api-prd-main-3v76",{"micros":54127,"calls":["get_user",{"micros":10956},"add_authorized_ip",{"micros":6392},"get_guilds",{"micros":3041},"coros_wait",{"micros":1}]}]},"guilds_connect",{"micros":1,"calls":[]},"presence_connect",{"micros":1783,"calls":[]}]}]}])
2020-04-11 18:56:08 | [INFO]    | Discordia 2.6.0
2020-04-11 18:56:08 | [INFO]    | Connecting to Discord...
2020-04-11 18:56:09 | [INFO]    | Authenticated as Hojo#6530
2020-04-11 18:56:09 | [INFO]    | Launching shard 0 (1 out of 1)...
2020-04-11 18:56:09 | [INFO]    | Shard 0 : Connected to wss://gateway.discord.gg
2020-04-11 18:56:09 | [INFO]    | Shard 0 : Received HELLO (["gateway-prd-main-67jp",{"micros":0.0}])
2020-04-11 18:56:09 | [INFO]    | Shard 0 : Received READY (["gateway-prd-main-67jp",{"micros":100773,"calls":["discord-sessions-prd-1-11",{"micros":98066,"calls":["start_session",{"micros":94479,"calls":["api-prd-main-z87d",{"micros":88084,"calls":["get_user",{"micros":6233},"add_authorized_ip",{"micros":16243},"get_guilds",{"micros":8053},"coros_wait",{"micros":3}]}]},"guilds_connect",{"micros":1,"calls":[]},"presence_connect",{"micros":1,"calls":[]}]}]}])
2020-04-11 18:57:40 | [INFO]    | Discordia 2.6.0
2020-04-11 18:57:40 | [INFO]    | Connecting to Discord...
2020-04-11 18:57:40 | [INFO]    | Authenticated as Hojo#6530
2020-04-11 18:57:40 | [INFO]    | Launching shard 0 (1 out of 1)...
2020-04-11 18:57:40 | [INFO]    | Shard 0 : Connected to wss://gateway.discord.gg
2020-04-11 18:57:40 | [INFO]    | Shard 0 : Received HELLO (["gateway-prd-main-q69z",{"micros":0.0}])
2020-04-11 18:57:41 | [INFO]    | Shard 0 : Received READY (["gateway-prd-main-q69z",{"micros":40002,"calls":["discord-sessions-prd-1-68",{"micros":33677,"calls":["start_session",{"micros":32371,"calls":["api-prd-main-23kn",{"micros":29430,"calls":["get_user",{"micros":2615},"add_authorized_ip",{"micros":1722},"get_guilds",{"micros":2486},"coros_wait",{"micros":1}]}]},"guilds_connect",{"micros":1,"calls":[]},"presence_connect",{"micros":456,"calls":[]}]}]}])
2020-04-11 18:59:40 | [INFO]    | Discordia 2.6.0
2020-04-11 18:59:40 | [INFO]    | Connecting to Discord...
2020-04-11 18:59:41 | [INFO]    | Authenticated as Hojo#6530
2020-04-11 18:59:41 | [INFO]    | Launching shard 0 (1 out of 1)...
2020-04-11 18:59:41 | [INFO]    | Shard 0 : Connected to wss://gateway.discord.gg
2020-04-11 18:59:41 | [INFO]    | Shard 0 : Received HELLO (["gateway-prd-main-4pp7",{"micros":0.0}])
2020-04-11 18:59:42 | [INFO]    | Shard 0 : Received READY (["gateway-prd-main-4pp7",{"micros":44921,"calls":["discord-sessions-prd-1-63",{"micros":38340,"calls":["start_session",{"micros":34854,"calls":["api-prd-main-gtfz",{"micros":28815,"calls":["get_user",{"micros":2521},"add_authorized_ip",{"micros":1432},"get_guilds",{"micros":2406},"coros_wait",{"micros":0}]}]},"guilds_connect",{"micros":1,"calls":[]},"presence_connect",{"micros":2,"calls":[]}]}]}])
2020-04-11 19:00:04 | [INFO]    | Discordia 2.6.0
2020-04-11 19:00:04 | [INFO]    | Connecting to Discord...
2020-04-11 19:00:04 | [INFO]    | Authenticated as Hojo#6530
2020-04-11 19:00:04 | [INFO]    | Launching shard 0 (1 out of 1)...
2020-04-11 19:00:05 | [INFO]    | Shard 0 : Connected to wss://gateway.discord.gg
2020-04-11 19:00:05 | [INFO]    | Shard 0 : Received HELLO (["gateway-prd-main-0j8k",{"micros":0.0}])
2020-04-11 19:00:05 | [INFO]    | Shard 0 : Received READY (["gateway-prd-main-0j8k",{"micros":244464,"calls":["discord-sessions-prd-1-79",{"micros":241630,"calls":["start_session",{"micros":239752,"calls":["api-prd-main-5bqk",{"micros":232145,"calls":["get_user",{"micros":32449},"add_authorized_ip",{"micros":13002},"get_guilds",{"micros":2527},"coros_wait",{"micros":3}]}]},"guilds_connect",{"micros":2,"calls":[]},"presence_connect",{"micros":1184,"calls":[]}]}]}])
2020-04-11 19:00:18 | [INFO]    | Discordia 2.6.0
2020-04-11 19:00:18 | [INFO]    | Connecting to Discord...
2020-04-11 19:00:19 | [INFO]    | Authenticated as Hojo#6530
2020-04-11 19:00:20 | [INFO]    | Launching shard 0 (1 out of 1)...
2020-04-11 19:00:20 | [INFO]    | Shard 0 : Connected to wss://gateway.discord.gg
2020-04-11 19:00:20 | [INFO]    | Shard 0 : Received HELLO (["gateway-prd-main-vlg9",{"micros":0.0}])
2020-04-11 19:00:20 | [INFO]    | Shard 0 : Received READY (["gateway-prd-main-vlg9",{"micros":48845,"calls":["discord-sessions-prd-1-17",{"micros":45825,"calls":["start_session",{"micros":43979,"calls":["api-prd-main-mzvc",{"micros":39709,"calls":["get_user",{"micros":3564},"add_authorized_ip",{"micros":2174},"get_guilds",{"micros":2105},"coros_wait",{"micros":2}]}]},"guilds_connect",{"micros":1,"calls":[]},"presence_connect",{"micros":1,"calls":[]}]}]}])
2020-04-11 19:01:51 | [INFO]    | Discordia 2.6.0
2020-04-11 19:01:51 | [INFO]    | Connecting to Discord...
2020-04-11 19:01:51 | [INFO]    | Authenticated as Hojo#6530
2020-04-11 19:01:52 | [INFO]    | Launching shard 0 (1 out of 1)...
2020-04-11 19:01:52 | [INFO]    | Shard 0 : Connected to wss://gateway.discord.gg
2020-04-11 19:01:52 | [INFO]    | Shard 0 : Received HELLO (["gateway-prd-main-qsx8",{"micros":0.0}])
2020-04-11 19:01:52 | [INFO]    | Shard 0 : Received READY (["gateway-prd-main-qsx8",{"micros":112729,"calls":["discord-sessions-prd-1-37",{"micros":111240,"calls":["start_session",{"micros":106147,"calls":["api-prd-main-kf63",{"micros":95812,"calls":["get_user",{"micros":12328},"add_authorized_ip",{"micros":2485},"get_guilds",{"micros":4621},"coros_wait",{"micros":2}]}]},"guilds_connect",{"micros":1,"calls":[]},"presence_connect",{"micros":4431,"calls":[]}]}]}])
2020-04-11 19:10:01 | [INFO]    | Discordia 2.6.0
2020-04-11 19:10:01 | [INFO]    | Connecting to Discord...
2020-04-11 19:10:02 | [INFO]    | Authenticated as Hojo#6530
2020-04-11 19:10:02 | [INFO]    | Launching shard 0 (1 out of 1)...
2020-04-11 19:10:02 | [INFO]    | Shard 0 : Connected to wss://gateway.discord.gg
2020-04-11 19:10:02 | [INFO]    | Shard 0 : Received HELLO (["gateway-prd-main-h1zf",{"micros":0.0}])
2020-04-11 19:10:02 | [INFO]    | Shard 0 : Received READY (["gateway-prd-main-h1zf",{"micros":68525,"calls":["discord-sessions-prd-1-11",{"micros":63612,"calls":["start_session",{"micros":59860,"calls":["api-prd-main-z2z0",{"micros":55216,"calls":["get_user",{"micros":4142},"add_authorized_ip",{"micros":9824},"get_guilds",{"micros":3247},"coros_wait",{"micros":1}]}]},"guilds_connect",{"micros":15,"calls":[]},"presence_connect",{"micros":2473,"calls":[]}]}]}])
2020-04-11 19:10:26 | [INFO]    | Discordia 2.6.0
2020-04-11 19:10:26 | [INFO]    | Connecting to Discord...
2020-04-11 19:10:27 | [INFO]    | Authenticated as Hojo#6530
2020-04-11 19:10:27 | [INFO]    | Launching shard 0 (1 out of 1)...
2020-04-11 19:10:27 | [INFO]    | Shard 0 : Connected to wss://gateway.discord.gg
2020-04-11 19:10:27 | [INFO]    | Shard 0 : Received HELLO (["gateway-prd-main-c0ql",{"micros":0.0}])
2020-04-11 19:10:27 | [INFO]    | Shard 0 : Received READY (["gateway-prd-main-c0ql",{"micros":69252,"calls":["discord-sessions-prd-1-66",{"micros":66306,"calls":["start_session",{"micros":61135,"calls":["api-prd-main-mh9g",{"micros":57581,"calls":["get_user",{"micros":2496},"add_authorized_ip",{"micros":1888},"get_guilds",{"micros":2424},"coros_wait",{"micros":2}]}]},"guilds_connect",{"micros":1,"calls":[]},"presence_connect",{"micros":1,"calls":[]}]}]}])
2020-04-11 19:11:30 | [INFO]    | Discordia 2.6.0
2020-04-11 19:11:30 | [INFO]    | Connecting to Discord...
2020-04-11 19:11:31 | [INFO]    | Authenticated as Hojo#6530
2020-04-11 19:11:31 | [INFO]    | Launching shard 0 (1 out of 1)...
2020-04-11 19:11:31 | [INFO]    | Shard 0 : Connected to wss://gateway.discord.gg
2020-04-11 19:11:31 | [INFO]    | Shard 0 : Received HELLO (["gateway-prd-main-m7p2",{"micros":0.0}])
2020-04-11 19:11:31 | [INFO]    | Shard 0 : Received READY (["gateway-prd-main-m7p2",{"micros":68904,"calls":["discord-sessions-prd-1-78",{"micros":67366,"calls":["start_session",{"micros":64679,"calls":["api-prd-main-httd",{"micros":60234,"calls":["get_user",{"micros":5656},"add_authorized_ip",{"micros":4549},"get_guilds",{"micros":4359},"coros_wait",{"micros":2}]}]},"guilds_connect",{"micros":3,"calls":[]},"presence_connect",{"micros":1,"calls":[]}]}]}])
2020-04-11 19:12:48 | [INFO]    | Discordia 2.6.0
2020-04-11 19:12:48 | [INFO]    | Connecting to Discord...
2020-04-11 19:12:48 | [INFO]    | Authenticated as Hojo#6530
2020-04-11 19:12:49 | [INFO]    | Launching shard 0 (1 out of 1)...
2020-04-11 19:12:49 | [INFO]    | Shard 0 : Connected to wss://gateway.discord.gg
2020-04-11 19:12:49 | [INFO]    | Shard 0 : Received HELLO (["gateway-prd-main-qvh0",{"micros":0.0}])
2020-04-11 19:12:49 | [INFO]    | Shard 0 : Received READY (["gateway-prd-main-qvh0",{"micros":97581,"calls":["discord-sessions-prd-1-43",{"micros":94432,"calls":["start_session",{"micros":92576,"calls":["api-prd-main-k6p6",{"micros":83834,"calls":["get_user",{"micros":13296},"add_authorized_ip",{"micros":1914},"get_guilds",{"micros":8886},"coros_wait",{"micros":1}]}]},"guilds_connect",{"micros":2,"calls":[]},"presence_connect",{"micros":1,"calls":[]}]}]}])
2020-04-11 19:13:11 | [INFO]    | Discordia 2.6.0
2020-04-11 19:13:11 | [INFO]    | Connecting to Discord...
2020-04-11 19:13:11 | [INFO]    | Authenticated as Hojo#6530
2020-04-11 19:13:11 | [INFO]    | Launching shard 0 (1 out of 1)...
2020-04-11 19:13:12 | [INFO]    | Shard 0 : Connected to wss://gateway.discord.gg
2020-04-11 19:13:12 | [INFO]    | Shard 0 : Received HELLO (["gateway-prd-main-c0ql",{"micros":0.0}])
2020-04-11 19:13:12 | [INFO]    | Shard 0 : Received READY (["gateway-prd-main-c0ql",{"micros":39956,"calls":["discord-sessions-prd-1-14",{"micros":37626,"calls":["start_session",{"micros":34224,"calls":["api-prd-main-34v0",{"micros":30334,"calls":["get_user",{"micros":2976},"add_authorized_ip",{"micros":1863},"get_guilds",{"micros":1817},"coros_wait",{"micros":2}]}]},"guilds_connect",{"micros":1,"calls":[]},"presence_connect",{"micros":1729,"calls":[]}]}]}])
2020-04-11 19:13:35 | [INFO]    | Discordia 2.6.0
2020-04-11 19:13:35 | [INFO]    | Connecting to Discord...
2020-04-11 19:13:35 | [INFO]    | Authenticated as Hojo#6530
2020-04-11 19:13:35 | [INFO]    | Launching shard 0 (1 out of 1)...
2020-04-11 19:13:36 | [INFO]    | Shard 0 : Connected to wss://gateway.discord.gg
2020-04-11 19:13:36 | [INFO]    | Shard 0 : Received HELLO (["gateway-prd-main-kw1s",{"micros":0.0}])
2020-04-11 19:13:36 | [INFO]    | Shard 0 : Received READY (["gateway-prd-main-kw1s",{"micros":37972,"calls":["discord-sessions-prd-1-31",{"micros":36221,"calls":["start_session",{"micros":34677,"calls":["api-prd-main-d1wk",{"micros":31063,"calls":["get_user",{"micros":3243},"add_authorized_ip",{"micros":1729},"get_guilds",{"micros":2390},"coros_wait",{"micros":2}]}]},"guilds_connect",{"micros":1,"calls":[]},"presence_connect",{"micros":118,"calls":[]}]}]}])
2020-04-11 19:35:09 | [INFO]    | Discordia 2.6.0
2020-04-11 19:35:09 | [INFO]    | Connecting to Discord...
2020-04-11 19:35:10 | [INFO]    | Authenticated as Hojo#6530
2020-04-11 19:35:10 | [INFO]    | Launching shard 0 (1 out of 1)...
2020-04-11 19:35:10 | [INFO]    | Shard 0 : Connected to wss://gateway.discord.gg
2020-04-11 19:35:10 | [INFO]    | Shard 0 : Received HELLO (["gateway-prd-main-vjp9",{"micros":0.0}])
2020-04-11 19:35:11 | [INFO]    | Shard 0 : Received READY (["gateway-prd-main-vjp9",{"micros":73241,"calls":["discord-sessions-prd-1-69",{"micros":71448,"calls":["start_session",{"micros":38389,"calls":["api-prd-main-lwdv",{"micros":33007,"calls":["get_user",{"micros":3502},"add_authorized_ip",{"micros":1793},"get_guilds",{"micros":3505},"coros_wait",{"micros":1}]}]},"guilds_connect",{"micros":2,"calls":[]},"presence_connect",{"micros":26149,"calls":[]}]}]}])
2020-04-11 19:35:53 | [INFO]    | Discordia 2.6.0
2020-04-11 19:35:53 | [INFO]    | Connecting to Discord...
2020-04-11 19:35:54 | [INFO]    | Authenticated as Hojo#6530
2020-04-11 19:35:54 | [INFO]    | Launching shard 0 (1 out of 1)...
2020-04-11 19:35:54 | [INFO]    | Shard 0 : Connected to wss://gateway.discord.gg
2020-04-11 19:35:54 | [INFO]    | Shard 0 : Received HELLO (["gateway-prd-main-75b7",{"micros":0.0}])
2020-04-11 19:35:54 | [INFO]    | Shard 0 : Received READY (["gateway-prd-main-75b7",{"micros":40668,"calls":["discord-sessions-prd-1-42",{"micros":37266,"calls":["start_session",{"micros":36035,"calls":["api-prd-main-1qq8",{"micros":32662,"calls":["get_user",{"micros":4329},"add_authorized_ip",{"micros":1991},"get_guilds",{"micros":2205},"coros_wait",{"micros":2}]}]},"guilds_connect",{"micros":1,"calls":[]},"presence_connect",{"micros":527,"calls":[]}]}]}])
2020-04-11 19:40:43 | [INFO]    | Discordia 2.6.0
2020-04-11 19:40:43 | [INFO]    | Connecting to Discord...
2020-04-11 19:40:43 | [INFO]    | Authenticated as Hojo#6530
2020-04-11 19:40:43 | [INFO]    | Launching shard 0 (1 out of 1)...
2020-04-11 19:40:44 | [INFO]    | Shard 0 : Connected to wss://gateway.discord.gg
2020-04-11 19:40:44 | [INFO]    | Shard 0 : Received HELLO (["gateway-prd-main-1fgl",{"micros":0.0}])
2020-04-11 19:40:44 | [INFO]    | Shard 0 : Received READY (["gateway-prd-main-1fgl",{"micros":64410,"calls":["discord-sessions-prd-1-8",{"micros":61953,"calls":["start_session",{"micros":60920,"calls":["api-prd-main-dxzj",{"micros":54600,"calls":["get_user",{"micros":4429},"add_authorized_ip",{"micros":2612},"get_guilds",{"micros":3203},"coros_wait",{"micros":1}]}]},"guilds_connect",{"micros":1,"calls":[]},"presence_connect",{"micros":1,"calls":[]}]}]}])
2020-04-11 19:44:38 | [INFO]    | Discordia 2.6.0
2020-04-11 19:44:38 | [INFO]    | Connecting to Discord...
2020-04-11 19:44:39 | [INFO]    | Authenticated as Hojo#6530
2020-04-11 19:44:39 | [INFO]    | Launching shard 0 (1 out of 1)...
2020-04-11 19:44:39 | [INFO]    | Shard 0 : Connected to wss://gateway.discord.gg
2020-04-11 19:44:39 | [INFO]    | Shard 0 : Received HELLO (["gateway-prd-main-4qpp",{"micros":0.0}])
2020-04-11 19:44:39 | [INFO]    | Shard 0 : Received READY (["gateway-prd-main-4qpp",{"micros":63672,"calls":["discord-sessions-prd-1-60",{"micros":62451,"calls":["start_session",{"micros":58008,"calls":["api-prd-main-lwdv",{"micros":54885,"calls":["get_user",{"micros":3131},"add_authorized_ip",{"micros":6364},"get_guilds",{"micros":3015},"coros_wait",{"micros":1}]}]},"guilds_connect",{"micros":2,"calls":[]},"presence_connect",{"micros":3828,"calls":[]}]}]}])
2020-04-11 20:03:27 | [INFO]    | Discordia 2.6.0
2020-04-11 20:03:27 | [INFO]    | Connecting to Discord...
2020-04-11 20:03:27 | [INFO]    | Authenticated as Hojo#6530
2020-04-11 20:03:28 | [INFO]    | Launching shard 0 (1 out of 1)...
2020-04-11 20:03:28 | [INFO]    | Shard 0 : Connected to wss://gateway.discord.gg
2020-04-11 20:03:28 | [INFO]    | Shard 0 : Received HELLO (["gateway-prd-main-5tc0",{"micros":0.0}])
2020-04-11 20:03:28 | [INFO]    | Shard 0 : Received READY (["gateway-prd-main-5tc0",{"micros":133037,"calls":["discord-sessions-prd-1-37",{"micros":131972,"calls":["start_session",{"micros":126982,"calls":["api-prd-main-14mz",{"micros":122046,"calls":["get_user",{"micros":5269},"add_authorized_ip",{"micros":12948},"get_guilds",{"micros":6407},"coros_wait",{"micros":2}]}]},"guilds_connect",{"micros":1,"calls":[]},"presence_connect",{"micros":0,"calls":[]}]}]}])
2020-04-11 20:03:53 | [INFO]    | Discordia 2.6.0
2020-04-11 20:03:53 | [INFO]    | Connecting to Discord...
2020-04-11 20:03:53 | [INFO]    | Authenticated as Hojo#6530
2020-04-11 20:03:53 | [INFO]    | Launching shard 0 (1 out of 1)...
2020-04-11 20:03:53 | [INFO]    | Shard 0 : Connected to wss://gateway.discord.gg
2020-04-11 20:03:53 | [INFO]    | Shard 0 : Received HELLO (["gateway-prd-main-kcv0",{"micros":0.0}])
2020-04-11 20:03:53 | [INFO]    | Shard 0 : Received READY (["gateway-prd-main-kcv0",{"micros":43959,"calls":["discord-sessions-prd-1-22",{"micros":41865,"calls":["start_session",{"micros":39284,"calls":["api-prd-main-z2z0",{"micros":35179,"calls":["get_user",{"micros":2594},"add_authorized_ip",{"micros":3106},"get_guilds",{"micros":1818},"coros_wait",{"micros":1}]}]},"guilds_connect",{"micros":2,"calls":[]},"presence_connect",{"micros":570,"calls":[]}]}]}])
2020-04-11 20:04:46 | [INFO]    | Discordia 2.6.0
2020-04-11 20:04:46 | [INFO]    | Connecting to Discord...
2020-04-11 20:04:46 | [INFO]    | Authenticated as Hojo#6530
2020-04-11 20:04:46 | [INFO]    | Launching shard 0 (1 out of 1)...
2020-04-11 20:04:46 | [INFO]    | Shard 0 : Connected to wss://gateway.discord.gg
2020-04-11 20:04:46 | [INFO]    | Shard 0 : Received HELLO (["gateway-prd-main-qvh0",{"micros":0.0}])
2020-04-11 20:04:47 | [INFO]    | Shard 0 : Received READY (["gateway-prd-main-qvh0",{"micros":69616,"calls":["discord-sessions-prd-1-62",{"micros":66501,"calls":["start_session",{"micros":63243,"calls":["api-prd-main-fvgr",{"micros":59264,"calls":["get_user",{"micros":6907},"add_authorized_ip",{"micros":2559},"get_guilds",{"micros":4834},"coros_wait",{"micros":2}]}]},"guilds_connect",{"micros":1,"calls":[]},"presence_connect",{"micros":283,"calls":[]}]}]}])
2020-04-11 20:06:15 | [INFO]    | Discordia 2.6.0
2020-04-11 20:06:15 | [INFO]    | Connecting to Discord...
2020-04-11 20:06:16 | [INFO]    | Authenticated as Hojo#6530
2020-04-11 20:06:16 | [INFO]    | Launching shard 0 (1 out of 1)...
2020-04-11 20:06:16 | [INFO]    | Shard 0 : Connected to wss://gateway.discord.gg
2020-04-11 20:06:16 | [INFO]    | Shard 0 : Received HELLO (["gateway-prd-main-0j8k",{"micros":0.0}])
2020-04-11 20:06:16 | [INFO]    | Shard 0 : Received READY (["gateway-prd-main-0j8k",{"micros":121336,"calls":["discord-sessions-prd-1-56",{"micros":119338,"calls":["start_session",{"micros":113198,"calls":["api-prd-main-0zxw",{"micros":101286,"calls":["get_user",{"micros":5648},"add_authorized_ip",{"micros":13666},"get_guilds",{"micros":11913},"coros_wait",{"micros":2}]}]},"guilds_connect",{"micros":2,"calls":[]},"presence_connect",{"micros":1,"calls":[]}]}]}])
2020-04-11 20:08:11 | [INFO]    | Discordia 2.6.0
2020-04-11 20:08:11 | [INFO]    | Connecting to Discord...
2020-04-11 20:08:11 | [INFO]    | Authenticated as Hojo#6530
2020-04-11 20:08:11 | [INFO]    | Launching shard 0 (1 out of 1)...
2020-04-11 20:08:12 | [INFO]    | Shard 0 : Connected to wss://gateway.discord.gg
2020-04-11 20:08:12 | [INFO]    | Shard 0 : Received HELLO (["gateway-prd-main-qhsw",{"micros":0.0}])
2020-04-11 20:08:12 | [INFO]    | Shard 0 : Received READY (["gateway-prd-main-qhsw",{"micros":78458,"calls":["discord-sessions-prd-1-68",{"micros":75634,"calls":["start_session",{"micros":69322,"calls":["api-prd-main-w2pc",{"micros":65719,"calls":["get_user",{"micros":4547},"add_authorized_ip",{"micros":4694},"get_guilds",{"micros":6338},"coros_wait",{"micros":2}]}]},"guilds_connect",{"micros":2,"calls":[]},"presence_connect",{"micros":5381,"calls":[]}]}]}])
2020-04-11 20:08:35 | [INFO]    | Discordia 2.6.0
2020-04-11 20:08:35 | [INFO]    | Connecting to Discord...
2020-04-11 20:08:35 | [INFO]    | Authenticated as Hojo#6530
2020-04-11 20:08:35 | [INFO]    | Launching shard 0 (1 out of 1)...
2020-04-11 20:08:36 | [INFO]    | Shard 0 : Connected to wss://gateway.discord.gg
2020-04-11 20:08:36 | [INFO]    | Shard 0 : Received HELLO (["gateway-prd-main-nfrz",{"micros":0.0}])
2020-04-11 20:08:36 | [INFO]    | Shard 0 : Received READY (["gateway-prd-main-nfrz",{"micros":65951,"calls":["discord-sessions-prd-1-66",{"micros":61810,"calls":["start_session",{"micros":59483,"calls":["api-prd-main-c7wd",{"micros":55500,"calls":["get_user",{"micros":3488},"add_authorized_ip",{"micros":1924},"get_guilds",{"micros":21096},"coros_wait",{"micros":2}]}]},"guilds_connect",{"micros":1,"calls":[]},"presence_connect",{"micros":1,"calls":[]}]}]}])
2020-04-11 20:09:10 | [INFO]    | Discordia 2.6.0
2020-04-11 20:09:10 | [INFO]    | Connecting to Discord...
2020-04-11 20:09:11 | [INFO]    | Authenticated as Hojo#6530
2020-04-11 20:09:11 | [INFO]    | Launching shard 0 (1 out of 1)...
2020-04-11 20:09:12 | [INFO]    | Shard 0 : Connected to wss://gateway.discord.gg
2020-04-11 20:09:12 | [INFO]    | Shard 0 : Received HELLO (["gateway-prd-main-dvmq",{"micros":0.0}])
2020-04-11 20:09:12 | [INFO]    | Shard 0 : Received READY (["gateway-prd-main-dvmq",{"micros":71818,"calls":["discord-sessions-prd-1-73",{"micros":68849,"calls":["start_session",{"micros":67638,"calls":["api-prd-main-mt38",{"micros":61312,"calls":["get_user",{"micros":4818},"add_authorized_ip",{"micros":7487},"get_guilds",{"micros":4773},"coros_wait",{"micros":1}]}]},"guilds_connect",{"micros":2,"calls":[]},"presence_connect",{"micros":1,"calls":[]}]}]}])
2020-04-11 20:10:05 | [INFO]    | Discordia 2.6.0
2020-04-11 20:10:05 | [INFO]    | Connecting to Discord...
2020-04-11 20:10:05 | [INFO]    | Authenticated as Hojo#6530
2020-04-11 20:10:05 | [INFO]    | Launching shard 0 (1 out of 1)...
2020-04-11 20:10:06 | [INFO]    | Shard 0 : Connected to wss://gateway.discord.gg
2020-04-11 20:10:06 | [INFO]    | Shard 0 : Received HELLO (["gateway-prd-main-wgzt",{"micros":0.0}])
2020-04-11 20:10:06 | [INFO]    | Shard 0 : Received READY (["gateway-prd-main-wgzt",{"micros":49871,"calls":["discord-sessions-prd-1-79",{"micros":47769,"calls":["start_session",{"micros":45603,"calls":["api-prd-main-s4l1",{"micros":41696,"calls":["get_user",{"micros":3832},"add_authorized_ip",{"micros":2034},"get_guilds",{"micros":2372},"coros_wait",{"micros":3}]}]},"guilds_connect",{"micros":2,"calls":[]},"presence_connect",{"micros":1,"calls":[]}]}]}])
2020-04-11 20:11:10 | [INFO]    | Discordia 2.6.0
2020-04-11 20:11:10 | [INFO]    | Connecting to Discord...
2020-04-11 20:11:11 | [INFO]    | Authenticated as Hojo#6530
2020-04-11 20:11:11 | [INFO]    | Launching shard 0 (1 out of 1)...
2020-04-11 20:11:11 | [INFO]    | Shard 0 : Connected to wss://gateway.discord.gg
2020-04-11 20:11:11 | [INFO]    | Shard 0 : Received HELLO (["gateway-prd-main-gfrx",{"micros":0.0}])
2020-04-11 20:11:11 | [INFO]    | Shard 0 : Received READY (["gateway-prd-main-gfrx",{"micros":75633,"calls":["discord-sessions-prd-1-16",{"micros":71019,"calls":["start_session",{"micros":67470,"calls":["api-prd-main-d612",{"micros":63588,"calls":["get_user",{"micros":5283},"add_authorized_ip",{"micros":3624},"get_guilds",{"micros":5538},"coros_wait",{"micros":1}]}]},"guilds_connect",{"micros":2,"calls":[]},"presence_connect",{"micros":1,"calls":[]}]}]}])
2020-04-11 20:12:08 | [INFO]    | Discordia 2.6.0
2020-04-11 20:12:08 | [INFO]    | Connecting to Discord...
2020-04-11 20:12:08 | [INFO]    | Authenticated as Hojo#6530
2020-04-11 20:12:08 | [INFO]    | Launching shard 0 (1 out of 1)...
2020-04-11 20:12:09 | [INFO]    | Shard 0 : Connected to wss://gateway.discord.gg
2020-04-11 20:12:09 | [INFO]    | Shard 0 : Received HELLO (["gateway-prd-main-xwr6",{"micros":0.0}])
2020-04-11 20:12:09 | [INFO]    | Shard 0 : Received READY (["gateway-prd-main-xwr6",{"micros":44181,"calls":["discord-sessions-prd-1-42",{"micros":41993,"calls":["start_session",{"micros":35593,"calls":["api-prd-main-dtb1",{"micros":32100,"calls":["get_user",{"micros":3415},"add_authorized_ip",{"micros":1987},"get_guilds",{"micros":1926},"coros_wait",{"micros":1}]}]},"guilds_connect",{"micros":2,"calls":[]},"presence_connect",{"micros":5786,"calls":[]}]}]}])
2020-04-11 20:13:21 | [INFO]    | Discordia 2.6.0
2020-04-11 20:13:21 | [INFO]    | Connecting to Discord...
2020-04-11 20:13:21 | [INFO]    | Authenticated as Hojo#6530
2020-04-11 20:13:21 | [INFO]    | Launching shard 0 (1 out of 1)...
2020-04-11 20:13:22 | [INFO]    | Shard 0 : Connected to wss://gateway.discord.gg
2020-04-11 20:13:22 | [INFO]    | Shard 0 : Received HELLO (["gateway-prd-main-kbhl",{"micros":0.0}])
2020-04-11 20:13:22 | [INFO]    | Shard 0 : Received READY (["gateway-prd-main-kbhl",{"micros":100055,"calls":["discord-sessions-prd-1-79",{"micros":87771,"calls":["start_session",{"micros":85970,"calls":["api-prd-main-vkrw",{"micros":81901,"calls":["get_user",{"micros":5664},"add_authorized_ip",{"micros":7969},"get_guilds",{"micros":8883},"coros_wait",{"micros":2}]}]},"guilds_connect",{"micros":1,"calls":[]},"presence_connect",{"micros":0,"calls":[]}]}]}])
2020-04-11 20:13:51 | [INFO]    | Discordia 2.6.0
2020-04-11 20:13:51 | [INFO]    | Connecting to Discord...
2020-04-11 20:13:51 | [INFO]    | Authenticated as Hojo#6530
2020-04-11 20:13:51 | [INFO]    | Launching shard 0 (1 out of 1)...
2020-04-11 20:13:52 | [INFO]    | Shard 0 : Connected to wss://gateway.discord.gg
2020-04-11 20:13:52 | [INFO]    | Shard 0 : Received HELLO (["gateway-prd-main-7clg",{"micros":0.0}])
2020-04-11 20:13:52 | [INFO]    | Shard 0 : Received READY (["gateway-prd-main-7clg",{"micros":88757,"calls":["discord-sessions-prd-1-64",{"micros":87367,"calls":["start_session",{"micros":84940,"calls":["api-prd-main-t305",{"micros":80460,"calls":["get_user",{"micros":6361},"add_authorized_ip",{"micros":6255},"get_guilds",{"micros":6886},"coros_wait",{"micros":2}]}]},"guilds_connect",{"micros":2,"calls":[]},"presence_connect",{"micros":316,"calls":[]}]}]}])
2020-04-11 20:15:34 | [INFO]    | Discordia 2.6.0
2020-04-11 20:15:34 | [INFO]    | Connecting to Discord...
2020-04-11 20:15:34 | [INFO]    | Authenticated as Hojo#6530
2020-04-11 20:15:34 | [INFO]    | Launching shard 0 (1 out of 1)...
2020-04-11 20:15:35 | [INFO]    | Shard 0 : Connected to wss://gateway.discord.gg
2020-04-11 20:15:35 | [INFO]    | Shard 0 : Received HELLO (["gateway-prd-main-xz9k",{"micros":0.0}])
2020-04-11 20:15:35 | [INFO]    | Shard 0 : Received READY (["gateway-prd-main-xz9k",{"micros":62386,"calls":["discord-sessions-prd-1-12",{"micros":60481,"calls":["start_session",{"micros":56970,"calls":["api-prd-main-wm1v",{"micros":53847,"calls":["get_user",{"micros":4834},"add_authorized_ip",{"micros":6320},"get_guilds",{"micros":11002},"coros_wait",{"micros":1}]}]},"guilds_connect",{"micros":2,"calls":[]},"presence_connect",{"micros":736,"calls":[]}]}]}])
2020-04-11 20:15:40 | [ERROR]   | 403 - Forbidden : DELETE https://discordapp.com/api/v7/channels/663477255594573836
2020-04-11 20:15:44 | [ERROR]   | 403 - Forbidden : DELETE https://discordapp.com/api/v7/channels/663477255594573836
2020-04-11 20:15:46 | [ERROR]   | 403 - Forbidden : DELETE https://discordapp.com/api/v7/channels/663477255594573836
2020-04-11 20:18:24 | [INFO]    | Discordia 2.6.0
2020-04-11 20:18:24 | [INFO]    | Connecting to Discord...
2020-04-11 20:18:25 | [INFO]    | Authenticated as Hojo#6530
2020-04-11 20:18:25 | [INFO]    | Launching shard 0 (1 out of 1)...
2020-04-11 20:18:25 | [INFO]    | Shard 0 : Connected to wss://gateway.discord.gg
2020-04-11 20:18:25 | [INFO]    | Shard 0 : Received HELLO (["gateway-prd-main-j97t",{"micros":0.0}])
2020-04-11 20:18:25 | [INFO]    | Shard 0 : Received READY (["gateway-prd-main-j97t",{"micros":77921,"calls":["discord-sessions-prd-1-31",{"micros":75927,"calls":["start_session",{"micros":72533,"calls":["api-prd-main-j852",{"micros":61375,"calls":["get_user",{"micros":6523},"add_authorized_ip",{"micros":1929},"get_guilds",{"micros":1863},"coros_wait",{"micros":1}]}]},"guilds_connect",{"micros":1,"calls":[]},"presence_connect",{"micros":607,"calls":[]}]}]}])
2020-04-11 20:25:45 | [INFO]    | Discordia 2.6.0
2020-04-11 20:25:45 | [INFO]    | Connecting to Discord...
2020-04-11 20:25:46 | [INFO]    | Authenticated as Hojo#6530
2020-04-11 20:25:46 | [INFO]    | Launching shard 0 (1 out of 1)...
2020-04-11 20:25:46 | [INFO]    | Shard 0 : Connected to wss://gateway.discord.gg
2020-04-11 20:25:46 | [INFO]    | Shard 0 : Received HELLO (["gateway-prd-main-zn2t",{"micros":0.0}])
2020-04-11 20:25:47 | [INFO]    | Shard 0 : Received READY (["gateway-prd-main-zn2t",{"micros":647227,"calls":["discord-sessions-prd-1-68",{"micros":637813,"calls":["start_session",{"micros":137038,"calls":["api-prd-main-zf8z",{"micros":129405,"calls":["get_user",{"micros":13525},"add_authorized_ip",{"micros":9296},"get_guilds",{"micros":55137},"coros_wait",{"micros":2}]}]},"guilds_connect",{"micros":1,"calls":[]},"presence_connect",{"micros":267180,"calls":[]}]}]}])
2020-04-11 20:29:52 | [INFO]    | Discordia 2.6.0
2020-04-11 20:29:52 | [INFO]    | Connecting to Discord...
2020-04-11 20:29:52 | [INFO]    | Authenticated as Hojo#6530
2020-04-11 20:29:52 | [INFO]    | Launching shard 0 (1 out of 1)...
2020-04-11 20:29:52 | [INFO]    | Shard 0 : Connected to wss://gateway.discord.gg
2020-04-11 20:29:52 | [INFO]    | Shard 0 : Received HELLO (["gateway-prd-main-sd9q",{"micros":0.0}])
2020-04-11 20:29:53 | [INFO]    | Shard 0 : Received READY (["gateway-prd-main-sd9q",{"micros":66604,"calls":["discord-sessions-prd-1-33",{"micros":44047,"calls":["start_session",{"micros":41238,"calls":["api-prd-main-q25z",{"micros":37699,"calls":["get_user",{"micros":3167},"add_authorized_ip",{"micros":2119},"get_guilds",{"micros":1817},"coros_wait",{"micros":9}]}]},"guilds_connect",{"micros":2,"calls":[]},"presence_connect",{"micros":1,"calls":[]}]}]}])
2020-04-11 20:30:23 | [INFO]    | Discordia 2.6.0
2020-04-11 20:30:23 | [INFO]    | Connecting to Discord...
2020-04-11 20:30:24 | [INFO]    | Authenticated as Hojo#6530
2020-04-11 20:30:24 | [INFO]    | Launching shard 0 (1 out of 1)...
2020-04-11 20:30:24 | [INFO]    | Shard 0 : Connected to wss://gateway.discord.gg
2020-04-11 20:30:24 | [INFO]    | Shard 0 : Received HELLO (["gateway-prd-main-709c",{"micros":0.0}])
2020-04-11 20:30:25 | [INFO]    | Shard 0 : Received READY (["gateway-prd-main-709c",{"micros":75884,"calls":["discord-sessions-prd-1-69",{"micros":69449,"calls":["start_session",{"micros":58339,"calls":["api-prd-main-zskp",{"micros":54459,"calls":["get_user",{"micros":4305},"add_authorized_ip",{"micros":6891},"get_guilds",{"micros":3251},"coros_wait",{"micros":1}]}]},"guilds_connect",{"micros":2,"calls":[]},"presence_connect",{"micros":0,"calls":[]}]}]}])
2020-04-11 20:37:45 | [INFO]    | Discordia 2.6.0
2020-04-11 20:37:45 | [INFO]    | Connecting to Discord...
2020-04-11 20:37:46 | [INFO]    | Authenticated as Hojo#6530
2020-04-11 20:37:46 | [INFO]    | Launching shard 0 (1 out of 1)...
2020-04-11 20:37:47 | [INFO]    | Shard 0 : Connected to wss://gateway.discord.gg
2020-04-11 20:37:47 | [INFO]    | Shard 0 : Received HELLO (["gateway-prd-main-f1td",{"micros":0.0}])
2020-04-11 20:37:47 | [INFO]    | Shard 0 : Received READY (["gateway-prd-main-f1td",{"micros":64404,"calls":["discord-sessions-prd-1-5",{"micros":62087,"calls":["start_session",{"micros":56210,"calls":["api-prd-main-zh27",{"micros":51498,"calls":["get_user",{"micros":4362},"add_authorized_ip",{"micros":2345},"get_guilds",{"micros":3563},"coros_wait",{"micros":2}]}]},"guilds_connect",{"micros":36,"calls":[]},"presence_connect",{"micros":0,"calls":[]}]}]}])
2020-04-11 20:39:14 | [INFO]    | Discordia 2.6.0
2020-04-11 20:39:14 | [INFO]    | Connecting to Discord...
2020-04-11 20:39:15 | [INFO]    | Authenticated as Hojo#6530
2020-04-11 20:39:15 | [INFO]    | Launching shard 0 (1 out of 1)...
2020-04-11 20:39:15 | [INFO]    | Shard 0 : Connected to wss://gateway.discord.gg
2020-04-11 20:39:15 | [INFO]    | Shard 0 : Received HELLO (["gateway-prd-main-9vfr",{"micros":0.0}])
2020-04-11 20:39:15 | [INFO]    | Shard 0 : Received READY (["gateway-prd-main-9vfr",{"micros":55112,"calls":["discord-sessions-prd-1-68",{"micros":53902,"calls":["start_session",{"micros":51206,"calls":["api-prd-main-7k3v",{"micros":48386,"calls":["get_user",{"micros":4616},"add_authorized_ip",{"micros":4088},"get_guilds",{"micros":1904},"coros_wait",{"micros":1}]}]},"guilds_connect",{"micros":3,"calls":[]},"presence_connect",{"micros":1,"calls":[]}]}]}])
2020-04-11 20:40:24 | [INFO]    | Discordia 2.6.0
2020-04-11 20:40:24 | [INFO]    | Connecting to Discord...
2020-04-11 20:40:24 | [INFO]    | Authenticated as Hojo#6530
2020-04-11 20:40:24 | [INFO]    | Launching shard 0 (1 out of 1)...
2020-04-11 20:40:25 | [INFO]    | Shard 0 : Connected to wss://gateway.discord.gg
2020-04-11 20:40:25 | [INFO]    | Shard 0 : Received HELLO (["gateway-prd-main-6v7r",{"micros":0.0}])
2020-04-11 20:40:25 | [INFO]    | Shard 0 : Received READY (["gateway-prd-main-6v7r",{"micros":49200,"calls":["discord-sessions-prd-1-4",{"micros":46076,"calls":["start_session",{"micros":43999,"calls":["api-prd-main-jfpg",{"micros":40495,"calls":["get_user",{"micros":3303},"add_authorized_ip",{"micros":2957},"get_guilds",{"micros":2609},"coros_wait",{"micros":2}]}]},"guilds_connect",{"micros":1,"calls":[]},"presence_connect",{"micros":1,"calls":[]}]}]}])
2020-04-11 20:46:36 | [INFO]    | Discordia 2.6.0
2020-04-11 20:46:36 | [INFO]    | Connecting to Discord...
2020-04-11 20:46:37 | [INFO]    | Authenticated as Hojo#6530
2020-04-11 20:46:37 | [INFO]    | Launching shard 0 (1 out of 1)...
2020-04-11 20:46:37 | [INFO]    | Shard 0 : Connected to wss://gateway.discord.gg
2020-04-11 20:46:37 | [INFO]    | Shard 0 : Received HELLO (["gateway-prd-main-r0wx",{"micros":0.0}])
2020-04-11 20:46:37 | [INFO]    | Shard 0 : Received READY (["gateway-prd-main-r0wx",{"micros":44639,"calls":["discord-sessions-prd-1-5",{"micros":43143,"calls":["start_session",{"micros":37738,"calls":["api-prd-main-6lw2",{"micros":33053,"calls":["get_user",{"micros":4121},"add_authorized_ip",{"micros":2146},"get_guilds",{"micros":1924},"coros_wait",{"micros":2}]}]},"guilds_connect",{"micros":2,"calls":[]},"presence_connect",{"micros":1,"calls":[]}]}]}])
2020-04-11 20:47:54 | [INFO]    | Discordia 2.6.0
2020-04-11 20:47:54 | [INFO]    | Connecting to Discord...
2020-04-11 20:47:54 | [INFO]    | Authenticated as Hojo#6530
2020-04-11 20:47:55 | [INFO]    | Launching shard 0 (1 out of 1)...
2020-04-11 20:47:55 | [INFO]    | Shard 0 : Connected to wss://gateway.discord.gg
2020-04-11 20:47:55 | [INFO]    | Shard 0 : Received HELLO (["gateway-prd-main-4fqw",{"micros":0.0}])
2020-04-11 20:47:55 | [INFO]    | Shard 0 : Received READY (["gateway-prd-main-4fqw",{"micros":54151,"calls":["discord-sessions-prd-1-21",{"micros":51312,"calls":["start_session",{"micros":48283,"calls":["api-prd-main-fp2j",{"micros":45880,"calls":["get_user",{"micros":2789},"add_authorized_ip",{"micros":2345},"get_guilds",{"micros":3963},"coros_wait",{"micros":1}]}]},"guilds_connect",{"micros":35,"calls":[]},"presence_connect",{"micros":1,"calls":[]}]}]}])
2020-04-11 20:54:10 | [INFO]    | Discordia 2.6.0
2020-04-11 20:54:10 | [INFO]    | Connecting to Discord...
2020-04-11 20:54:10 | [INFO]    | Authenticated as Hojo#6530
2020-04-11 20:54:10 | [INFO]    | Launching shard 0 (1 out of 1)...
2020-04-11 20:54:11 | [INFO]    | Shard 0 : Connected to wss://gateway.discord.gg
2020-04-11 20:54:11 | [INFO]    | Shard 0 : Received HELLO (["gateway-prd-main-vrwh",{"micros":0.0}])
2020-04-11 20:54:11 | [INFO]    | Shard 0 : Received READY (["gateway-prd-main-vrwh",{"micros":258963,"calls":["discord-sessions-prd-1-67",{"micros":255853,"calls":["start_session",{"micros":243974,"calls":["api-prd-main-dvmh",{"micros":226623,"calls":["get_user",{"micros":25473},"add_authorized_ip",{"micros":32303},"get_guilds",{"micros":17634},"coros_wait",{"micros":1}]}]},"guilds_connect",{"micros":1,"calls":[]},"presence_connect",{"micros":1,"calls":[]}]}]}])
2020-04-11 21:26:23 | [INFO]    | Discordia 2.6.0
2020-04-11 21:26:23 | [INFO]    | Connecting to Discord...
2020-04-11 21:26:23 | [INFO]    | Authenticated as Hojo#6530
2020-04-11 21:26:24 | [INFO]    | Launching shard 0 (1 out of 1)...
2020-04-11 21:26:24 | [INFO]    | Shard 0 : Connected to wss://gateway.discord.gg
2020-04-11 21:26:24 | [INFO]    | Shard 0 : Received HELLO (["gateway-prd-main-kw1s",{"micros":0.0}])
2020-04-11 21:26:24 | [INFO]    | Shard 0 : Received READY (["gateway-prd-main-kw1s",{"micros":88949,"calls":["discord-sessions-prd-1-77",{"micros":87018,"calls":["start_session",{"micros":82046,"calls":["api-prd-main-dvmh",{"micros":77290,"calls":["get_user",{"micros":6901},"add_authorized_ip",{"micros":9430},"get_guilds",{"micros":8903},"coros_wait",{"micros":1}]}]},"guilds_connect",{"micros":3,"calls":[]},"presence_connect",{"micros":224,"calls":[]}]}]}])
2020-04-11 21:26:30 | [ERROR]   | 404 - Not Found : DELETE https://discordapp.com/api/v7/channels/698567563445010522/messages/698584774201049088
2020-04-11 21:26:30 | [ERROR]   | 404 - Not Found : DELETE https://discordapp.com/api/v7/channels/698567563445010522/messages/698584774201049088
2020-04-11 21:26:31 | [ERROR]   | 404 - Not Found : DELETE https://discordapp.com/api/v7/channels/698567563445010522/messages/698584774201049088
2020-04-11 21:26:31 | [ERROR]   | 404 - Not Found : DELETE https://discordapp.com/api/v7/channels/698567563445010522/messages/698584774201049088
2020-04-11 21:26:32 | [ERROR]   | 404 - Not Found : DELETE https://discordapp.com/api/v7/channels/698567563445010522/messages/698584774201049088
2020-04-11 21:26:32 | [ERROR]   | 404 - Not Found : DELETE https://discordapp.com/api/v7/channels/698567563445010522/messages/698584774201049088
2020-04-11 21:26:33 | [ERROR]   | 404 - Not Found : DELETE https://discordapp.com/api/v7/channels/698567563445010522/messages/698584774201049088
2020-04-11 21:26:33 | [ERROR]   | 404 - Not Found : DELETE https://discordapp.com/api/v7/channels/698567563445010522/messages/698584774201049088
2020-04-11 21:26:34 | [ERROR]   | 404 - Not Found : DELETE https://discordapp.com/api/v7/channels/698567563445010522/messages/698584774201049088
2020-04-11 21:26:34 | [ERROR]   | 404 - Not Found : DELETE https://discordapp.com/api/v7/channels/698567563445010522/messages/698584774201049088
2020-04-11 21:26:35 | [ERROR]   | 404 - Not Found : DELETE https://discordapp.com/api/v7/channels/698567563445010522/messages/698584774201049088
2020-04-11 21:26:35 | [ERROR]   | 404 - Not Found : DELETE https://discordapp.com/api/v7/channels/698567563445010522/messages/698584774201049088
2020-04-11 21:26:36 | [ERROR]   | 404 - Not Found : DELETE https://discordapp.com/api/v7/channels/698567563445010522/messages/698584774201049088
2020-04-11 21:28:49 | [INFO]    | Discordia 2.6.0
2020-04-11 21:28:49 | [INFO]    | Connecting to Discord...
2020-04-11 21:28:49 | [INFO]    | Authenticated as Hojo#6530
2020-04-11 21:28:49 | [INFO]    | Launching shard 0 (1 out of 1)...
2020-04-11 21:28:50 | [INFO]    | Shard 0 : Connected to wss://gateway.discord.gg
2020-04-11 21:28:50 | [INFO]    | Shard 0 : Received HELLO (["gateway-prd-main-jfsl",{"micros":0.0}])
2020-04-11 21:28:50 | [INFO]    | Shard 0 : Received READY (["gateway-prd-main-jfsl",{"micros":181707,"calls":["discord-sessions-prd-1-6",{"micros":180248,"calls":["start_session",{"micros":173288,"calls":["api-prd-main-s8vj",{"micros":168258,"calls":["get_user",{"micros":7833},"add_authorized_ip",{"micros":15728},"get_guilds",{"micros":14428},"coros_wait",{"micros":2}]}]},"guilds_connect",{"micros":2,"calls":[]},"presence_connect",{"micros":1907,"calls":[]}]}]}])
2020-04-11 21:28:57 | [ERROR]   | 400 - Bad Request : POST https://discordapp.com/api/v7/channels/698585392961814569/messages
2020-04-11 21:31:11 | [INFO]    | Discordia 2.6.0
2020-04-11 21:31:11 | [INFO]    | Connecting to Discord...
2020-04-11 21:31:11 | [INFO]    | Authenticated as Hojo#6530
2020-04-11 21:31:11 | [INFO]    | Launching shard 0 (1 out of 1)...
2020-04-11 21:31:12 | [INFO]    | Shard 0 : Connected to wss://gateway.discord.gg
2020-04-11 21:31:12 | [INFO]    | Shard 0 : Received HELLO (["gateway-prd-main-rjvr",{"micros":0.0}])
2020-04-11 21:31:12 | [INFO]    | Shard 0 : Received READY (["gateway-prd-main-rjvr",{"micros":50529,"calls":["discord-sessions-prd-1-29",{"micros":48382,"calls":["start_session",{"micros":44311,"calls":["api-prd-main-qhzz",{"micros":37538,"calls":["get_user",{"micros":3979},"add_authorized_ip",{"micros":2147},"get_guilds",{"micros":2108},"coros_wait",{"micros":2}]}]},"guilds_connect",{"micros":2,"calls":[]},"presence_connect",{"micros":1,"calls":[]}]}]}])
2020-04-11 21:31:20 | [WARNING] | 429 - Too Many Requests : retrying after 810 ms : POST https://discordapp.com/api/v7/channels/698585392961814569/messages
2020-04-11 21:31:24 | [WARNING] | 429 - Too Many Requests : retrying after 2151 ms : POST https://discordapp.com/api/v7/channels/698585392961814569/messages
2020-04-11 21:31:43 | [WARNING] | 429 - Too Many Requests : retrying after 2169 ms : POST https://discordapp.com/api/v7/channels/698585392961814569/messages
2020-04-11 21:31:48 | [WARNING] | 429 - Too Many Requests : retrying after 1681 ms : POST https://discordapp.com/api/v7/channels/698585392961814569/messages
2020-04-11 21:31:53 | [WARNING] | 429 - Too Many Requests : retrying after 2275 ms : POST https://discordapp.com/api/v7/channels/698585392961814569/messages
2020-04-11 21:31:57 | [ERROR]   | 400 - Bad Request : POST https://discordapp.com/api/v7/channels/698585392961814569/messages
2020-04-11 21:33:32 | [WARNING] | 429 - Too Many Requests : retrying after 2195 ms : POST https://discordapp.com/api/v7/channels/698585392961814569/messages
2020-04-11 21:33:38 | [WARNING] | 429 - Too Many Requests : retrying after 2229 ms : POST https://discordapp.com/api/v7/channels/698585392961814569/messages
2020-04-11 21:33:43 | [WARNING] | 429 - Too Many Requests : retrying after 2120 ms : POST https://discordapp.com/api/v7/channels/698585392961814569/messages
2020-04-11 21:33:48 | [WARNING] | 429 - Too Many Requests : retrying after 2309 ms : POST https://discordapp.com/api/v7/channels/698585392961814569/messages
2020-04-11 21:33:53 | [WARNING] | 429 - Too Many Requests : retrying after 2222 ms : POST https://discordapp.com/api/v7/channels/698585392961814569/messages
2020-04-11 21:33:59 | [WARNING] | 429 - Too Many Requests : retrying after 2029 ms : POST https://discordapp.com/api/v7/channels/698585392961814569/messages
2020-04-11 21:34:04 | [WARNING] | 429 - Too Many Requests : retrying after 2115 ms : POST https://discordapp.com/api/v7/channels/698585392961814569/messages
2020-04-11 21:34:09 | [WARNING] | 429 - Too Many Requests : retrying after 2169 ms : POST https://discordapp.com/api/v7/channels/698585392961814569/messages
2020-04-11 21:34:14 | [WARNING] | 429 - Too Many Requests : retrying after 2262 ms : POST https://discordapp.com/api/v7/channels/698585392961814569/messages
2020-04-11 21:34:20 | [WARNING] | 429 - Too Many Requests : retrying after 1661 ms : POST https://discordapp.com/api/v7/channels/698585392961814569/messages
2020-04-11 21:34:25 | [WARNING] | 429 - Too Many Requests : retrying after 2205 ms : POST https://discordapp.com/api/v7/channels/698585392961814569/messages
2020-04-11 21:34:30 | [WARNING] | 429 - Too Many Requests : retrying after 1790 ms : POST https://discordapp.com/api/v7/channels/698585392961814569/messages
2020-04-11 21:34:32 | [ERROR]   | 400 - Bad Request : POST https://discordapp.com/api/v7/channels/698585392961814569/messages
2020-04-11 21:36:50 | [INFO]    | Discordia 2.6.0
2020-04-11 21:36:50 | [INFO]    | Connecting to Discord...
2020-04-11 21:36:50 | [INFO]    | Authenticated as Hojo#6530
2020-04-11 21:36:50 | [INFO]    | Launching shard 0 (1 out of 1)...
2020-04-11 21:36:50 | [INFO]    | Shard 0 : Connected to wss://gateway.discord.gg
2020-04-11 21:36:50 | [INFO]    | Shard 0 : Received HELLO (["gateway-prd-main-7vvz",{"micros":0.0}])
2020-04-11 21:36:51 | [INFO]    | Shard 0 : Received READY (["gateway-prd-main-7vvz",{"micros":56787,"calls":["discord-sessions-prd-1-23",{"micros":53154,"calls":["start_session",{"micros":44098,"calls":["api-prd-main-hpsw",{"micros":35695,"calls":["get_user",{"micros":3434},"add_authorized_ip",{"micros":2651},"get_guilds",{"micros":5178},"coros_wait",{"micros":1}]}]},"guilds_connect",{"micros":2,"calls":[]},"presence_connect",{"micros":1,"calls":[]}]}]}])
2020-04-11 21:40:30 | [INFO]    | Discordia 2.6.0
2020-04-11 21:40:30 | [INFO]    | Connecting to Discord...
2020-04-11 21:40:30 | [INFO]    | Authenticated as Hojo#6530
2020-04-11 21:40:30 | [INFO]    | Launching shard 0 (1 out of 1)...
2020-04-11 21:40:31 | [INFO]    | Shard 0 : Connected to wss://gateway.discord.gg
2020-04-11 21:40:31 | [INFO]    | Shard 0 : Received HELLO (["gateway-prd-main-d3w4",{"micros":0.0}])
2020-04-11 21:40:31 | [INFO]    | Shard 0 : Received READY (["gateway-prd-main-d3w4",{"micros":82885,"calls":["discord-sessions-prd-1-74",{"micros":81313,"calls":["start_session",{"micros":79372,"calls":["api-prd-main-12pr",{"micros":72262,"calls":["get_user",{"micros":4511},"add_authorized_ip",{"micros":3638},"get_guilds",{"micros":3733},"coros_wait",{"micros":1}]}]},"guilds_connect",{"micros":2,"calls":[]},"presence_connect",{"micros":1,"calls":[]}]}]}])
2020-04-11 21:45:15 | [INFO]    | Discordia 2.6.0
2020-04-11 21:45:15 | [INFO]    | Connecting to Discord...
2020-04-11 21:45:15 | [INFO]    | Authenticated as Hojo#6530
2020-04-11 21:45:15 | [INFO]    | Launching shard 0 (1 out of 1)...
2020-04-11 21:45:17 | [INFO]    | Shard 0 : Connected to wss://gateway.discord.gg
2020-04-11 21:45:17 | [INFO]    | Shard 0 : Received HELLO (["gateway-prd-main-j1sc",{"micros":0.0}])
2020-04-11 21:45:17 | [INFO]    | Shard 0 : Received READY (["gateway-prd-main-j1sc",{"micros":42274,"calls":["discord-sessions-prd-1-67",{"micros":40981,"calls":["start_session",{"micros":36918,"calls":["api-prd-main-k12g",{"micros":32775,"calls":["get_user",{"micros":3720},"add_authorized_ip",{"micros":2077},"get_guilds",{"micros":2814},"coros_wait",{"micros":1}]}]},"guilds_connect",{"micros":1,"calls":[]},"presence_connect",{"micros":1,"calls":[]}]}]}])
2020-04-11 21:46:46 | [INFO]    | Discordia 2.6.0
2020-04-11 21:46:46 | [INFO]    | Connecting to Discord...
2020-04-11 21:46:47 | [INFO]    | Authenticated as Hojo#6530
2020-04-11 21:46:47 | [INFO]    | Launching shard 0 (1 out of 1)...
2020-04-11 21:46:47 | [INFO]    | Shard 0 : Connected to wss://gateway.discord.gg
2020-04-11 21:46:47 | [INFO]    | Shard 0 : Received HELLO (["gateway-prd-main-2td1",{"micros":0.0}])
2020-04-11 21:46:47 | [INFO]    | Shard 0 : Received READY (["gateway-prd-main-2td1",{"micros":64608,"calls":["discord-sessions-prd-1-10",{"micros":62134,"calls":["start_session",{"micros":50317,"calls":["api-prd-main-j34r",{"micros":45086,"calls":["get_user",{"micros":3530},"add_authorized_ip",{"micros":3612},"get_guilds",{"micros":1925},"coros_wait",{"micros":1}]}]},"guilds_connect",{"micros":2,"calls":[]},"presence_connect",{"micros":1,"calls":[]}]}]}])
2020-04-14 01:22:36 | [INFO]    | Discordia 2.6.0
2020-04-14 01:22:36 | [INFO]    | Connecting to Discord...
2020-04-14 01:22:37 | [INFO]    | Authenticated as Hojo#6530
2020-04-14 01:22:38 | [INFO]    | Launching shard 0 (1 out of 1)...
2020-04-14 01:22:38 | [INFO]    | Shard 0 : Connected to wss://gateway.discord.gg
2020-04-14 01:22:38 | [INFO]    | Shard 0 : Received HELLO (["gateway-prd-main-ls0r",{"micros":0.0}])
2020-04-14 01:22:38 | [INFO]    | Shard 0 : Received READY (["gateway-prd-main-ls0r",{"micros":65285,"calls":["discord-sessions-prd-1-19",{"micros":63266,"calls":["start_session",{"micros":56665,"calls":["api-prd-main-5x39",{"micros":52078,"calls":["get_user",{"micros":8850},"add_authorized_ip",{"micros":2771},"get_guilds",{"micros":3340},"coros_wait",{"micros":3}]}]},"guilds_connect",{"micros":2,"calls":[]},"presence_connect",{"micros":1,"calls":[]}]}]}])
2020-04-14 01:42:50 | [WARNING] | Shard 0 : Discord has requested a reconnection
2020-04-14 01:42:51 | [INFO]    | Shard 0 : Disconnected
2020-04-14 01:42:51 | [INFO]    | Shard 0 : Reconnecting...
2020-04-14 01:42:53 | [INFO]    | Shard 0 : Connected to wss://gateway.discord.gg
2020-04-14 01:42:53 | [INFO]    | Shard 0 : Received HELLO (["gateway-prd-main-2j9n",{"micros":0.0}])
2020-04-14 01:42:54 | [INFO]    | Shard 0 : Received READY (["gateway-prd-main-2j9n",{"micros":49474,"calls":["discord-sessions-prd-1-13",{"micros":43416,"calls":["start_session",{"micros":41181,"calls":["api-prd-main-pn3t",{"micros":37234,"calls":["get_user",{"micros":3470},"add_authorized_ip",{"micros":1927},"get_guilds",{"micros":4446},"coros_wait",{"micros":3}]}]},"guilds_connect",{"micros":2,"calls":[]},"presence_connect",{"micros":1,"calls":[]}]}]}])
2020-04-14 02:02:16 | [INFO]    | Discordia 2.6.0
2020-04-14 02:02:16 | [INFO]    | Connecting to Discord...
2020-04-14 02:02:17 | [INFO]    | Authenticated as Hojo#6530
2020-04-14 02:02:17 | [INFO]    | Launching shard 0 (1 out of 1)...
2020-04-14 02:02:17 | [INFO]    | Shard 0 : Connected to wss://gateway.discord.gg
2020-04-14 02:02:17 | [INFO]    | Shard 0 : Received HELLO (["gateway-prd-main-0x12",{"micros":0.0}])
2020-04-14 02:02:17 | [INFO]    | Shard 0 : Received READY (["gateway-prd-main-0x12",{"micros":87677,"calls":["discord-sessions-prd-1-34",{"micros":86049,"calls":["start_session",{"micros":82803,"calls":["api-prd-main-ztm1",{"micros":79340,"calls":["get_user",{"micros":5765},"add_authorized_ip",{"micros":4584},"get_guilds",{"micros":3748},"coros_wait",{"micros":3}]}]},"guilds_connect",{"micros":2,"calls":[]},"presence_connect",{"micros":1,"calls":[]}]}]}])
2020-04-14 02:09:54 | [INFO]    | Discordia 2.6.0
2020-04-14 02:09:54 | [INFO]    | Connecting to Discord...
2020-04-14 02:09:54 | [INFO]    | Authenticated as Hojo#6530
2020-04-14 02:09:54 | [INFO]    | Launching shard 0 (1 out of 1)...
2020-04-14 02:09:55 | [INFO]    | Shard 0 : Connected to wss://gateway.discord.gg
2020-04-14 02:09:55 | [INFO]    | Shard 0 : Received HELLO (["gateway-prd-main-j1sc",{"micros":0.0}])
2020-04-14 02:09:55 | [INFO]    | Shard 0 : Received READY (["gateway-prd-main-j1sc",{"micros":104564,"calls":["discord-sessions-prd-1-9",{"micros":102106,"calls":["start_session",{"micros":95357,"calls":["api-prd-main-ldfr",{"micros":90435,"calls":["get_user",{"micros":9710},"add_authorized_ip",{"micros":14031},"get_guilds",{"micros":8004},"coros_wait",{"micros":2}]}]},"guilds_connect",{"micros":1,"calls":[]},"presence_connect",{"micros":1,"calls":[]}]}]}])
2020-04-14 02:11:21 | [INFO]    | Discordia 2.6.0
2020-04-14 02:11:21 | [INFO]    | Connecting to Discord...
2020-04-14 02:11:22 | [INFO]    | Authenticated as Hojo#6530
2020-04-14 02:11:22 | [INFO]    | Launching shard 0 (1 out of 1)...
2020-04-14 02:11:23 | [INFO]    | Shard 0 : Connected to wss://gateway.discord.gg
2020-04-14 02:11:23 | [INFO]    | Shard 0 : Received HELLO (["gateway-prd-main-8qjj",{"micros":0.0}])
2020-04-14 02:11:23 | [INFO]    | Shard 0 : Received READY (["gateway-prd-main-8qjj",{"micros":48193,"calls":["discord-sessions-prd-1-41",{"micros":45566,"calls":["start_session",{"micros":41233,"calls":["api-prd-main-mnvb",{"micros":37506,"calls":["get_user",{"micros":3749},"add_authorized_ip",{"micros":1876},"get_guilds",{"micros":2356},"coros_wait",{"micros":1}]}]},"guilds_connect",{"micros":2,"calls":[]},"presence_connect",{"micros":2240,"calls":[]}]}]}])
2020-04-14 02:12:19 | [INFO]    | Discordia 2.6.0
2020-04-14 02:12:19 | [INFO]    | Connecting to Discord...
2020-04-14 02:12:20 | [INFO]    | Authenticated as Hojo#6530
2020-04-14 02:12:20 | [INFO]    | Launching shard 0 (1 out of 1)...
2020-04-14 02:12:20 | [INFO]    | Shard 0 : Connected to wss://gateway.discord.gg
2020-04-14 02:12:20 | [INFO]    | Shard 0 : Received HELLO (["gateway-prd-main-1fgl",{"micros":0.0}])
2020-04-14 02:12:21 | [INFO]    | Shard 0 : Received READY (["gateway-prd-main-1fgl",{"micros":123708,"calls":["discord-sessions-prd-1-79",{"micros":122464,"calls":["start_session",{"micros":119451,"calls":["api-prd-main-httd",{"micros":111158,"calls":["get_user",{"micros":11620},"add_authorized_ip",{"micros":12536},"get_guilds",{"micros":4333},"coros_wait",{"micros":2}]}]},"guilds_connect",{"micros":4,"calls":[]},"presence_connect",{"micros":1,"calls":[]}]}]}])
2020-04-14 02:21:31 | [INFO]    | Discordia 2.6.0
2020-04-14 02:21:31 | [INFO]    | Connecting to Discord...
2020-04-14 02:21:32 | [INFO]    | Authenticated as Hojo#6530
2020-04-14 02:21:32 | [INFO]    | Launching shard 0 (1 out of 1)...
2020-04-14 02:21:33 | [INFO]    | Shard 0 : Connected to wss://gateway.discord.gg
2020-04-14 02:21:33 | [INFO]    | Shard 0 : Received HELLO (["gateway-prd-main-wn09",{"micros":0.0}])
2020-04-14 02:21:33 | [INFO]    | Shard 0 : Received READY (["gateway-prd-main-wn09",{"micros":43390,"calls":["discord-sessions-prd-1-62",{"micros":41449,"calls":["start_session",{"micros":37262,"calls":["api-prd-main-0hqr",{"micros":33703,"calls":["get_user",{"micros":3987},"add_authorized_ip",{"micros":1756},"get_guilds",{"micros":1753},"coros_wait",{"micros":2}]}]},"guilds_connect",{"micros":2,"calls":[]},"presence_connect",{"micros":1,"calls":[]}]}]}])
2020-05-20 16:04:38 | [INFO]    | Discordia 2.6.0
2020-05-20 16:04:38 | [INFO]    | Connecting to Discord...
2020-05-20 16:04:40 | [INFO]    | Authenticated as Hojo#6530
2020-05-20 16:04:41 | [INFO]    | Launching shard 0 (1 out of 1)...
2020-05-20 16:04:41 | [INFO]    | Shard 0 : Connected to wss://gateway.discord.gg
2020-05-20 16:04:41 | [INFO]    | Shard 0 : Received HELLO (["gateway-prd-main-h1kf",{"micros":0.0}])
2020-05-20 16:04:41 | [INFO]    | Shard 0 : Received READY (["gateway-prd-main-h1kf",{"micros":52335,"calls":["discord-sessions-prd-1-28",{"micros":50965,"calls":["start_session",{"micros":48803,"calls":["api-prd-main-us-east1-0wjm",{"micros":42726,"calls":["get_user",{"micros":3267},"add_authorized_ip",{"micros":1544},"get_guilds",{"micros":3792},"coros_wait",{"micros":2}]}]},"guilds_connect",{"micros":3,"calls":[]},"presence_connect",{"micros":1,"calls":[]}]}]}])
2020-05-20 16:05:48 | [INFO]    | Discordia 2.6.0
2020-05-20 16:05:48 | [INFO]    | Connecting to Discord...
2020-05-20 16:05:49 | [INFO]    | Authenticated as Hojo#6530
2020-05-20 16:05:49 | [INFO]    | Launching shard 0 (1 out of 1)...
2020-05-20 16:05:50 | [INFO]    | Shard 0 : Connected to wss://gateway.discord.gg
2020-05-20 16:05:50 | [INFO]    | Shard 0 : Received HELLO (["gateway-prd-main-2slj",{"micros":0.0}])
2020-05-20 16:05:50 | [INFO]    | Shard 0 : Received READY (["gateway-prd-main-2slj",{"micros":64284,"calls":["discord-sessions-prd-1-36",{"micros":61828,"calls":["start_session",{"micros":49140,"calls":["api-prd-main-us-east1-7p5m",{"micros":46491,"calls":["get_user",{"micros":2892},"add_authorized_ip",{"micros":1525},"get_guilds",{"micros":2216},"coros_wait",{"micros":2}]}]},"guilds_connect",{"micros":2,"calls":[]},"presence_connect",{"micros":7590,"calls":[]}]}]}])
2020-07-15 19:45:11 | [INFO]    | Discordia 2.6.0
2020-07-15 19:45:11 | [INFO]    | Connecting to Discord...
2020-07-15 19:45:11 | [INFO]    | Authenticated as Hojo#6530
2020-07-15 19:45:12 | [INFO]    | Launching shard 0 (1 out of 1)...
2020-07-15 19:45:12 | [INFO]    | Shard 0 : Connected to wss://gateway.discord.gg
2020-07-15 19:45:12 | [INFO]    | Shard 0 : Received HELLO (["gateway-prd-main-0kvj",{"micros":0.0}])
2020-07-15 19:45:12 | [INFO]    | Shard 0 : Received READY (["gateway-prd-main-0kvj",{"micros":90951,"calls":["discord-sessions-prd-1-18",{"micros":89444,"calls":["start_session",{"micros":80129,"calls":["api-prd-main-70hl",{"micros":76671,"calls":["get_user",{"micros":4651},"add_authorized_ip",{"micros":8054},"get_guilds",{"micros":7189},"coros_wait",{"micros":2}]}]},"guilds_connect",{"micros":2,"calls":[]},"presence_connect",{"micros":0,"calls":[]}]}]}])
2020-07-15 20:01:06 | [INFO]    | Discordia 2.6.0
2020-07-15 20:01:07 | [INFO]    | Connecting to Discord...
2020-07-15 20:01:08 | [INFO]    | Authenticated as Hojo#6530
2020-07-15 20:01:08 | [INFO]    | Launching shard 0 (1 out of 1)...
2020-07-15 20:01:09 | [INFO]    | Shard 0 : Connected to wss://gateway.discord.gg
2020-07-15 20:01:09 | [INFO]    | Shard 0 : Received HELLO (["gateway-prd-main-6xtn",{"micros":0.0}])
2020-07-15 20:01:09 | [INFO]    | Shard 0 : Received READY (["gateway-prd-main-6xtn",{"micros":217661,"calls":["discord-sessions-prd-1-44",{"micros":215491,"calls":["start_session",{"micros":213600,"calls":["api-prd-main-wl3t",{"micros":202471,"calls":["get_user",{"micros":25597},"add_authorized_ip",{"micros":13675},"get_guilds",{"micros":13944},"coros_wait",{"micros":1}]}]},"guilds_connect",{"micros":1,"calls":[]},"presence_connect",{"micros":1,"calls":[]}]}]}])
2020-07-15 20:03:14 | [INFO]    | Discordia 2.6.0
2020-07-15 20:03:15 | [INFO]    | Connecting to Discord...
2020-07-15 20:03:15 | [INFO]    | Authenticated as Hojo#6530
2020-07-15 20:03:15 | [INFO]    | Launching shard 0 (1 out of 1)...
2020-07-15 20:03:15 | [INFO]    | Shard 0 : Connected to wss://gateway.discord.gg
2020-07-15 20:03:15 | [INFO]    | Shard 0 : Received HELLO (["gateway-prd-main-cg56",{"micros":0.0}])
2020-07-15 20:03:16 | [INFO]    | Shard 0 : Received READY (["gateway-prd-main-cg56",{"micros":120041,"calls":["discord-sessions-prd-1-7",{"micros":107527,"calls":["start_session",{"micros":103827,"calls":["api-prd-main-xqzd",{"micros":94886,"calls":["get_user",{"micros":10681},"add_authorized_ip",{"micros":11361},"get_guilds",{"micros":13013},"coros_wait",{"micros":0}]}]},"guilds_connect",{"micros":2,"calls":[]},"presence_connect",{"micros":1,"calls":[]}]}]}])
2020-07-15 20:04:12 | [WARNING] | Shard 0 : 1000 - Connection closed
2020-07-15 20:04:12 | [INFO]    | Shard 0 : Disconnected
2020-07-15 20:04:12 | [INFO]    | Shard 0 : Reconnecting after 1096 ms...
2020-07-15 20:04:21 | [INFO]    | Shard 0 : Connected to wss://gateway.discord.gg
2020-07-15 20:04:21 | [INFO]    | Shard 0 : Received HELLO (["gateway-prd-main-bgzc",{"micros":0.0}])
2020-07-15 20:04:21 | [INFO]    | Shard 0 : Received RESUMED (["gateway-prd-main-bgzc",{"micros":7354,"calls":["discord-sessions-prd-1-7",{"micros":60}]}])
2020-07-15 20:09:42 | [INFO]    | Discordia 2.6.0
2020-07-15 20:09:42 | [INFO]    | Connecting to Discord...
2020-07-15 20:09:43 | [INFO]    | Authenticated as Hojo#6530
2020-07-15 20:09:43 | [INFO]    | Launching shard 0 (1 out of 1)...
2020-07-15 20:09:43 | [INFO]    | Shard 0 : Connected to wss://gateway.discord.gg
2020-07-15 20:09:43 | [INFO]    | Shard 0 : Received HELLO (["gateway-prd-main-38kz",{"micros":0.0}])
2020-07-15 20:09:43 | [INFO]    | Shard 0 : Received READY (["gateway-prd-main-38kz",{"micros":70768,"calls":["discord-sessions-prd-1-62",{"micros":62369,"calls":["start_session",{"micros":56085,"calls":["api-prd-main-pqpg",{"micros":51091,"calls":["get_user",{"micros":3581},"add_authorized_ip",{"micros":2880},"get_guilds",{"micros":2147},"coros_wait",{"micros":0}]}]},"guilds_connect",{"micros":9,"calls":[]},"presence_connect",{"micros":1,"calls":[]}]}]}])
2020-07-15 20:10:25 | [INFO]    | Discordia 2.6.0
2020-07-15 20:10:25 | [INFO]    | Connecting to Discord...
2020-07-15 20:10:25 | [INFO]    | Authenticated as Hojo#6530
2020-07-15 20:10:26 | [INFO]    | Launching shard 0 (1 out of 1)...
2020-07-15 20:10:26 | [INFO]    | Shard 0 : Connected to wss://gateway.discord.gg
2020-07-15 20:10:26 | [INFO]    | Shard 0 : Received HELLO (["gateway-prd-main-xckl",{"micros":0.0}])
2020-07-15 20:10:26 | [INFO]    | Shard 0 : Received READY (["gateway-prd-main-xckl",{"micros":40691,"calls":["discord-sessions-prd-1-59",{"micros":39250,"calls":["start_session",{"micros":35338,"calls":["api-prd-main-k4ws",{"micros":32470,"calls":["get_user",{"micros":2030},"add_authorized_ip",{"micros":1588},"get_guilds",{"micros":1576},"coros_wait",{"micros":1}]}]},"guilds_connect",{"micros":5,"calls":[]},"presence_connect",{"micros":1,"calls":[]}]}]}])
2020-07-15 20:10:43 | [ERROR]   | 403 - Forbidden : DELETE https://discordapp.com/api/v7/channels/493097057846951937/messages/732992522133045349
2020-07-15 20:10:43 | [ERROR]   | 403 - Forbidden : DELETE https://discordapp.com/api/v7/channels/493097057846951937/messages/732992522133045349
2020-07-15 20:11:24 | [INFO]    | Discordia 2.6.0
2020-07-15 20:11:24 | [INFO]    | Connecting to Discord...
2020-07-15 20:11:24 | [INFO]    | Authenticated as Hojo#6530
2020-07-15 20:11:24 | [INFO]    | Launching shard 0 (1 out of 1)...
2020-07-15 20:11:24 | [INFO]    | Shard 0 : Connected to wss://gateway.discord.gg
2020-07-15 20:11:24 | [INFO]    | Shard 0 : Received HELLO (["gateway-prd-main-65tr",{"micros":0.0}])
2020-07-15 20:11:25 | [INFO]    | Shard 0 : Received READY (["gateway-prd-main-65tr",{"micros":81091,"calls":["discord-sessions-prd-1-26",{"micros":80087,"calls":["start_session",{"micros":76377,"calls":["api-prd-main-t6r8",{"micros":72669,"calls":["get_user",{"micros":11627},"add_authorized_ip",{"micros":3572},"get_guilds",{"micros":3557},"coros_wait",{"micros":2}]}]},"guilds_connect",{"micros":4,"calls":[]},"presence_connect",{"micros":2,"calls":[]}]}]}])
2020-07-15 20:12:29 | [INFO]    | Discordia 2.6.0
2020-07-15 20:12:29 | [INFO]    | Connecting to Discord...
2020-07-15 20:12:29 | [INFO]    | Authenticated as Hojo#6530
2020-07-15 20:12:31 | [INFO]    | Launching shard 0 (1 out of 1)...
2020-07-15 20:12:32 | [INFO]    | Shard 0 : Connected to wss://gateway.discord.gg
2020-07-15 20:12:32 | [INFO]    | Shard 0 : Received HELLO (["gateway-prd-main-02f5",{"micros":0.0}])
2020-07-15 20:12:32 | [INFO]    | Shard 0 : Received READY (["gateway-prd-main-02f5",{"micros":105959,"calls":["discord-sessions-prd-1-13",{"micros":104714,"calls":["start_session",{"micros":101432,"calls":["api-prd-main-wh6t",{"micros":98292,"calls":["get_user",{"micros":5851},"add_authorized_ip",{"micros":5264},"get_guilds",{"micros":9218},"coros_wait",{"micros":3}]}]},"guilds_connect",{"micros":6,"calls":[]},"presence_connect",{"micros":281,"calls":[]}]}]}])
2020-07-15 20:12:42 | [ERROR]   | 403 - Forbidden : DELETE https://discordapp.com/api/v7/channels/493097057846951937/messages/732993027181772860
2020-07-15 20:14:43 | [INFO]    | Discordia 2.6.0
2020-07-15 20:14:43 | [INFO]    | Connecting to Discord...
2020-07-15 20:14:44 | [INFO]    | Authenticated as Hojo#6530
2020-07-15 20:14:44 | [INFO]    | Launching shard 0 (1 out of 1)...
2020-07-15 20:14:44 | [INFO]    | Shard 0 : Connected to wss://gateway.discord.gg
2020-07-15 20:14:44 | [INFO]    | Shard 0 : Received HELLO (["gateway-prd-main-19cl",{"micros":0.0}])
2020-07-15 20:14:44 | [INFO]    | Shard 0 : Received READY (["gateway-prd-main-19cl",{"micros":59192,"calls":["discord-sessions-prd-1-33",{"micros":57671,"calls":["start_session",{"micros":53504,"calls":["api-prd-main-5k7r",{"micros":48250,"calls":["get_user",{"micros":5294},"add_authorized_ip",{"micros":3220},"get_guilds",{"micros":2442},"coros_wait",{"micros":1}]}]},"guilds_connect",{"micros":6,"calls":[]},"presence_connect",{"micros":1,"calls":[]}]}]}])
2020-07-15 20:14:58 | [ERROR]   | 403 - Forbidden : DELETE https://discordapp.com/api/v7/channels/493097057846951937/messages/732993597225566259
2020-07-15 20:16:22 | [ERROR]   | 403 - Forbidden : DELETE https://discordapp.com/api/v7/channels/493097057846951937/messages/732993946124288122
2020-07-15 20:52:38 | [INFO]    | Discordia 2.6.0
2020-07-15 20:52:38 | [INFO]    | Connecting to Discord...
2020-07-15 20:52:39 | [ERROR]   | 401 - Unauthorized : GET https://discordapp.com/api/v7/users/@me
2020-07-15 20:52:39 | [ERROR]   | Could not authenticate, check token: HTTP Error 0 : 401: Unauthorized
2020-07-15 20:54:43 | [INFO]    | Discordia 2.6.0
2020-07-15 20:54:43 | [INFO]    | Connecting to Discord...
2020-07-15 20:54:43 | [INFO]    | Authenticated as Hojo#6530
2020-07-15 20:54:44 | [INFO]    | Launching shard 0 (1 out of 1)...
2020-07-15 20:54:44 | [INFO]    | Shard 0 : Connected to wss://gateway.discord.gg
2020-07-15 20:54:44 | [INFO]    | Shard 0 : Received HELLO (["gateway-prd-main-8sdg",{"micros":0.0}])
2020-07-15 20:54:44 | [INFO]    | Shard 0 : Received READY (["gateway-prd-main-8sdg",{"micros":62019,"calls":["discord-sessions-prd-1-1",{"micros":59503,"calls":["start_session",{"micros":56204,"calls":["api-prd-main-f164",{"micros":51332,"calls":["get_user",{"micros":2618},"add_authorized_ip",{"micros":7215},"get_guilds",{"micros":3898},"coros_wait",{"micros":1}]}]},"guilds_connect",{"micros":4,"calls":[]},"presence_connect",{"micros":1,"calls":[]}]}]}])
2020-07-15 20:55:56 | [WARNING] | Shard 0 : 1000 - Connection closed
2020-07-15 20:55:56 | [INFO]    | Shard 0 : Disconnected
2020-07-15 20:55:56 | [INFO]    | Shard 0 : Reconnecting after 965 ms...
2020-07-15 20:55:57 | [INFO]    | Shard 0 : Connected to wss://gateway.discord.gg
2020-07-15 20:55:57 | [INFO]    | Shard 0 : Received HELLO (["gateway-prd-main-stbp",{"micros":0.0}])
2020-07-15 20:55:57 | [INFO]    | Shard 0 : Received RESUMED (["gateway-prd-main-stbp",{"micros":4661,"calls":["discord-sessions-prd-1-1",{"micros":86}]}])
2020-07-15 21:13:36 | [INFO]    | Discordia 2.6.0
2020-07-15 21:13:36 | [INFO]    | Connecting to Discord...
2020-07-15 21:13:36 | [INFO]    | Authenticated as Hojo#6530
2020-07-15 21:13:36 | [INFO]    | Launching shard 0 (1 out of 1)...
2020-07-15 21:13:37 | [INFO]    | Shard 0 : Connected to wss://gateway.discord.gg
2020-07-15 21:13:37 | [INFO]    | Shard 0 : Received HELLO (["gateway-prd-main-cr6w",{"micros":0.0}])
2020-07-15 21:13:37 | [INFO]    | Shard 0 : Received READY (["gateway-prd-main-cr6w",{"micros":147864,"calls":["discord-sessions-prd-1-25",{"micros":143929,"calls":["start_session",{"micros":140746,"calls":["api-prd-main-xpq3",{"micros":126847,"calls":["get_user",{"micros":5005},"add_authorized_ip",{"micros":9058},"get_guilds",{"micros":2051},"coros_wait",{"micros":1}]}]},"guilds_connect",{"micros":24,"calls":[]},"presence_connect",{"micros":1,"calls":[]}]}]}])
2020-07-15 21:15:17 | [INFO]    | Discordia 2.6.0
2020-07-15 21:15:17 | [INFO]    | Connecting to Discord...
2020-07-15 21:15:18 | [INFO]    | Authenticated as Hojo#6530
2020-07-15 21:15:18 | [INFO]    | Launching shard 0 (1 out of 1)...
2020-07-15 21:15:19 | [INFO]    | Shard 0 : Connected to wss://gateway.discord.gg
2020-07-15 21:15:19 | [INFO]    | Shard 0 : Received HELLO (["gateway-prd-main-wmcn",{"micros":0.0}])
2020-07-15 21:15:19 | [INFO]    | Shard 0 : Received READY (["gateway-prd-main-wmcn",{"micros":60235,"calls":["discord-sessions-prd-1-12",{"micros":57071,"calls":["start_session",{"micros":50422,"calls":["api-prd-main-1j2c",{"micros":45309,"calls":["get_user",{"micros":3441},"add_authorized_ip",{"micros":1737},"get_guilds",{"micros":4162},"coros_wait",{"micros":0}]}]},"guilds_connect",{"micros":7,"calls":[]},"presence_connect",{"micros":4449,"calls":[]}]}]}])
2020-07-17 13:20:01 | [INFO]    | Discordia 2.6.0
2020-07-17 13:20:01 | [INFO]    | Connecting to Discord...
2020-07-17 13:20:02 | [INFO]    | Authenticated as Hojo#6530
2020-07-17 13:20:02 | [INFO]    | Launching shard 0 (1 out of 1)...
2020-07-17 13:20:03 | [INFO]    | Shard 0 : Connected to wss://gateway.discord.gg
2020-07-17 13:20:03 | [INFO]    | Shard 0 : Received HELLO (["gateway-prd-main-8zln",{"micros":0.0}])
2020-07-17 13:20:03 | [INFO]    | Shard 0 : Received READY (["gateway-prd-main-8zln",{"micros":115735,"calls":["discord-sessions-prd-1-26",{"micros":114076,"calls":["start_session",{"micros":100660,"calls":["api-prd-main-r2lc",{"micros":94803,"calls":["get_user",{"micros":5316},"add_authorized_ip",{"micros":4812},"get_guilds",{"micros":8697},"coros_wait",{"micros":2}]}]},"guilds_connect",{"micros":5,"calls":[]},"presence_connect",{"micros":1,"calls":[]}]}]}])
2020-07-17 15:09:22 | [WARNING] | Shard 0 : Discord has requested a reconnection
2020-07-17 15:09:22 | [INFO]    | Shard 0 : Disconnected
2020-07-17 15:09:22 | [INFO]    | Shard 0 : Reconnecting...
2020-07-17 15:09:23 | [INFO]    | Shard 0 : Connected to wss://gateway.discord.gg
2020-07-17 15:09:23 | [INFO]    | Shard 0 : Received HELLO (["gateway-prd-main-pr4m",{"micros":0.0}])
2020-07-17 15:09:23 | [INFO]    | Shard 0 : Received READY (["gateway-prd-main-pr4m",{"micros":103389,"calls":["discord-sessions-prd-1-22",{"micros":101387,"calls":["start_session",{"micros":95557,"calls":["api-prd-main-lq4z",{"micros":87369,"calls":["get_user",{"micros":11650},"add_authorized_ip",{"micros":4640},"get_guilds",{"micros":7815},"coros_wait",{"micros":1}]}]},"guilds_connect",{"micros":4,"calls":[]},"presence_connect",{"micros":2,"calls":[]}]}]}])
2020-07-17 18:59:18 | [INFO]    | Shard 0 : Disconnected
2020-07-17 18:59:19 | [INFO]    | Shard 0 : Reconnecting after 934 ms...
2020-07-17 18:59:19 | [INFO]    | Shard 0 : Connected to wss://gateway.discord.gg
2020-07-17 18:59:19 | [INFO]    | Shard 0 : Received HELLO (["gateway-prd-main-0kvj",{"micros":0.0}])
2020-07-17 18:59:20 | [INFO]    | Shard 0 : Session invalidated, re-identifying...
2020-07-17 18:59:24 | [INFO]    | Shard 0 : Received READY (["gateway-prd-main-0kvj",{"micros":84599,"calls":["discord-sessions-prd-1-26",{"micros":82697,"calls":["start_session",{"micros":79227,"calls":["api-prd-main-6gbs",{"micros":71844,"calls":["get_user",{"micros":7285},"add_authorized_ip",{"micros":2251},"get_guilds",{"micros":6789},"coros_wait",{"micros":1}]}]},"guilds_connect",{"micros":5,"calls":[]},"presence_connect",{"micros":1703,"calls":[]}]}]}])
2020-07-17 22:33:30 | [WARNING] | Shard 0 : Discord has requested a reconnection
2020-07-17 22:33:30 | [INFO]    | Shard 0 : Disconnected
2020-07-17 22:33:30 | [INFO]    | Shard 0 : Reconnecting...
2020-07-17 22:33:31 | [INFO]    | Shard 0 : Connected to wss://gateway.discord.gg
2020-07-17 22:33:31 | [INFO]    | Shard 0 : Received HELLO (["gateway-prd-main-ghvs",{"micros":0.0}])
2020-07-17 22:33:31 | [INFO]    | Shard 0 : Received READY (["gateway-prd-main-ghvs",{"micros":46745,"calls":["discord-sessions-prd-1-34",{"micros":43659,"calls":["start_session",{"micros":35982,"calls":["api-prd-main-vggq",{"micros":33541,"calls":["get_user",{"micros":3521},"add_authorized_ip",{"micros":1210},"get_guilds",{"micros":4199},"coros_wait",{"micros":2}]}]},"guilds_connect",{"micros":4,"calls":[]},"presence_connect",{"micros":1,"calls":[]}]}]}])
2020-07-17 23:56:02 | [WARNING] | 429 - Too Many Requests : retrying after 2139 ms : POST https://discordapp.com/api/v7/channels/733773759475089498/messages
2020-07-17 23:56:07 | [WARNING] | 429 - Too Many Requests : retrying after 2106 ms : POST https://discordapp.com/api/v7/channels/733773759475089498/messages
2020-07-17 23:56:16 | [WARNING] | 429 - Too Many Requests : retrying after 2079 ms : POST https://discordapp.com/api/v7/channels/733773759475089498/messages
2020-07-17 23:58:25 | [WARNING] | 429 - Too Many Requests : retrying after 2255 ms : POST https://discordapp.com/api/v7/channels/699372243016351886/messages
2020-07-17 23:58:31 | [WARNING] | 429 - Too Many Requests : retrying after 2208 ms : POST https://discordapp.com/api/v7/channels/699372243016351886/messages
2020-07-18 00:07:11 | [WARNING] | Shard 0 : Unhandled gateway event: INVITE_CREATE
2020-07-18 00:07:49 | [WARNING] | Shard 0 : Unhandled gateway event: INVITE_CREATE
2020-07-18 01:31:32 | [INFO]    | Shard 0 : Disconnected
2020-07-18 01:31:32 | [INFO]    | Shard 0 : Reconnecting after 1030 ms...
2020-07-18 01:31:34 | [INFO]    | Shard 0 : Connected to wss://gateway.discord.gg
2020-07-18 01:31:34 | [INFO]    | Shard 0 : Received HELLO (["gateway-prd-main-j5zd",{"micros":0.0}])
2020-07-18 01:31:34 | [INFO]    | Shard 0 : Received RESUMED (["gateway-prd-main-j5zd",{"micros":8391,"calls":["discord-sessions-prd-1-34",{"micros":15}]}])
2020-07-18 12:47:28 | [INFO]    | Shard 0 : Disconnected
2020-07-18 12:47:29 | [INFO]    | Shard 0 : Reconnecting after 1032 ms...
2020-07-18 12:47:29 | [ERROR]   | Shard 0 : Could not connect to wss://gateway.discord.gg (EAI_NONAME)
2020-07-18 12:47:29 | [INFO]    | Shard 0 : Reconnecting after 2082 ms...
2020-07-18 12:47:31 | [ERROR]   | Shard 0 : Could not connect to wss://gateway.discord.gg (EAI_NONAME)
2020-07-18 12:47:33 | [INFO]    | Shard 0 : Reconnecting after 4255 ms...
2020-07-18 12:47:42 | [INFO]    | Shard 0 : Connected to wss://gateway.discord.gg
2020-07-18 12:47:42 | [INFO]    | Shard 0 : Received HELLO (["gateway-prd-main-9h40",{"micros":0.0}])
2020-07-18 12:47:43 | [INFO]    | Shard 0 : Session invalidated, re-identifying...
2020-07-18 12:47:48 | [INFO]    | Shard 0 : Received READY (["gateway-prd-main-9h40",{"micros":129321,"calls":["discord-sessions-prd-1-66",{"micros":127279,"calls":["start_session",{"micros":123287,"calls":["api-prd-main-tgj2",{"micros":118647,"calls":["get_user",{"micros":5395},"add_authorized_ip",{"micros":10334},"get_guilds",{"micros":13790},"coros_wait",{"micros":1}]}]},"guilds_connect",{"micros":8,"calls":[]},"presence_connect",{"micros":1,"calls":[]}]}]}])
2020-07-18 13:04:04 | [INFO]    | Shard 0 : Disconnected
2020-07-18 13:04:04 | [INFO]    | Shard 0 : Reconnecting after 1052 ms...
2020-07-18 13:04:06 | [INFO]    | Shard 0 : Connected to wss://gateway.discord.gg
2020-07-18 13:04:06 | [INFO]    | Shard 0 : Received HELLO (["gateway-prd-main-bxj9",{"micros":0.0}])
2020-07-18 13:04:06 | [INFO]    | Shard 0 : Session invalidated, re-identifying...
2020-07-18 13:04:10 | [INFO]    | Shard 0 : Received READY (["gateway-prd-main-bxj9",{"micros":62545,"calls":["discord-sessions-prd-1-69",{"micros":61632,"calls":["start_session",{"micros":46240,"calls":["api-prd-main-sb1p",{"micros":43770,"calls":["get_user",{"micros":3015},"add_authorized_ip",{"micros":3284},"get_guilds",{"micros":4781},"coros_wait",{"micros":1}]}]},"guilds_connect",{"micros":9,"calls":[]},"presence_connect",{"micros":1,"calls":[]}]}]}])
2020-07-18 14:25:21 | [WARNING] | Shard 0 : Discord has requested a reconnection
2020-07-18 14:25:21 | [INFO]    | Shard 0 : Disconnected
2020-07-18 14:25:21 | [INFO]    | Shard 0 : Reconnecting...
2020-07-18 14:25:22 | [INFO]    | Shard 0 : Connected to wss://gateway.discord.gg
2020-07-18 14:25:22 | [INFO]    | Shard 0 : Received HELLO (["gateway-prd-main-gkrg",{"micros":0.0}])
2020-07-18 14:25:22 | [INFO]    | Shard 0 : Received READY (["gateway-prd-main-gkrg",{"micros":89001,"calls":["discord-sessions-prd-1-52",{"micros":88031,"calls":["start_session",{"micros":78731,"calls":["api-prd-main-t55s",{"micros":76062,"calls":["get_user",{"micros":8471},"add_authorized_ip",{"micros":3502},"get_guilds",{"micros":7046},"coros_wait",{"micros":1}]}]},"guilds_connect",{"micros":7,"calls":[]},"presence_connect",{"micros":1,"calls":[]}]}]}])
2020-07-18 17:16:33 | [WARNING] | Shard 0 : Discord has requested a reconnection
2020-07-18 17:16:33 | [INFO]    | Shard 0 : Disconnected
2020-07-18 17:16:33 | [INFO]    | Shard 0 : Reconnecting...
2020-07-18 17:16:34 | [INFO]    | Shard 0 : Connected to wss://gateway.discord.gg
2020-07-18 17:16:34 | [INFO]    | Shard 0 : Received HELLO (["gateway-prd-main-k0xm",{"micros":0.0}])
2020-07-18 17:16:34 | [INFO]    | Shard 0 : Received READY (["gateway-prd-main-k0xm",{"micros":127222,"calls":["discord-sessions-prd-1-67",{"micros":123151,"calls":["start_session",{"micros":120455,"calls":["api-prd-main-61zn",{"micros":110663,"calls":["get_user",{"micros":17272},"add_authorized_ip",{"micros":5891},"get_guilds",{"micros":12955},"coros_wait",{"micros":2}]}]},"guilds_connect",{"micros":5,"calls":[]},"presence_connect",{"micros":2,"calls":[]}]}]}])
2020-07-18 19:43:53 | [WARNING] | Shard 0 : Discord has requested a reconnection
2020-07-18 19:43:53 | [INFO]    | Shard 0 : Disconnected
2020-07-18 19:43:53 | [INFO]    | Shard 0 : Reconnecting...
2020-07-18 19:43:54 | [INFO]    | Shard 0 : Connected to wss://gateway.discord.gg
2020-07-18 19:43:54 | [INFO]    | Shard 0 : Received HELLO (["gateway-prd-main-qwjd",{"micros":0.0}])
2020-07-18 19:43:55 | [INFO]    | Shard 0 : Received READY (["gateway-prd-main-qwjd",{"micros":267401,"calls":["discord-sessions-prd-1-16",{"micros":265884,"calls":["start_session",{"micros":260564,"calls":["api-prd-main-svm0",{"micros":251781,"calls":["get_user",{"micros":17773},"add_authorized_ip",{"micros":14510},"get_guilds",{"micros":38611},"coros_wait",{"micros":1}]}]},"guilds_connect",{"micros":3,"calls":[]},"presence_connect",{"micros":1,"calls":[]}]}]}])
2020-07-18 22:47:38 | [WARNING] | Shard 0 : Discord has requested a reconnection
2020-07-18 22:47:38 | [INFO]    | Shard 0 : Disconnected
2020-07-18 22:47:38 | [INFO]    | Shard 0 : Reconnecting...
2020-07-18 22:47:39 | [INFO]    | Shard 0 : Connected to wss://gateway.discord.gg
2020-07-18 22:47:39 | [INFO]    | Shard 0 : Received HELLO (["gateway-prd-main-qpjv",{"micros":0.0}])
2020-07-18 22:47:39 | [INFO]    | Shard 0 : Received READY (["gateway-prd-main-qpjv",{"micros":54831,"calls":["discord-sessions-prd-1-34",{"micros":53788,"calls":["start_session",{"micros":49594,"calls":["api-prd-main-620p",{"micros":45390,"calls":["get_user",{"micros":4197},"add_authorized_ip",{"micros":1525},"get_guilds",{"micros":3779},"coros_wait",{"micros":2}]}]},"guilds_connect",{"micros":6,"calls":[]},"presence_connect",{"micros":1673,"calls":[]}]}]}])
2020-07-19 00:18:46 | [WARNING] | Shard 0 : Discord has requested a reconnection
2020-07-19 00:18:47 | [INFO]    | Shard 0 : Disconnected
2020-07-19 00:18:47 | [INFO]    | Shard 0 : Reconnecting...
2020-07-19 00:18:47 | [INFO]    | Shard 0 : Connected to wss://gateway.discord.gg
2020-07-19 00:18:47 | [INFO]    | Shard 0 : Received HELLO (["gateway-prd-main-11xb",{"micros":0.0}])
2020-07-19 00:18:47 | [INFO]    | Shard 0 : Received READY (["gateway-prd-main-11xb",{"micros":74103,"calls":["discord-sessions-prd-1-51",{"micros":72219,"calls":["start_session",{"micros":61874,"calls":["api-prd-main-jxlx",{"micros":56741,"calls":["get_user",{"micros":8424},"add_authorized_ip",{"micros":3119},"get_guilds",{"micros":5197},"coros_wait",{"micros":1}]}]},"guilds_connect",{"micros":24,"calls":[]},"presence_connect",{"micros":2,"calls":[]}]}]}])
2020-07-19 13:03:55 | [INFO]    | Shard 0 : Disconnected
2020-07-19 13:03:56 | [INFO]    | Shard 0 : Reconnecting after 948 ms...
2020-07-19 13:03:57 | [ERROR]   | Shard 0 : Could not connect to wss://gateway.discord.gg (EAI_NONAME)
2020-07-19 13:03:57 | [INFO]    | Shard 0 : Reconnecting after 2066 ms...
2020-07-19 13:03:59 | [ERROR]   | Shard 0 : Could not connect to wss://gateway.discord.gg (EAI_NONAME)
2020-07-19 13:03:59 | [INFO]    | Shard 0 : Reconnecting after 3916 ms...
2020-07-19 13:04:03 | [ERROR]   | Shard 0 : Could not connect to wss://gateway.discord.gg (EAI_NONAME)
2020-07-19 13:04:03 | [INFO]    | Shard 0 : Reconnecting after 7649 ms...
2020-07-19 13:04:11 | [ERROR]   | Shard 0 : Could not connect to wss://gateway.discord.gg (EAI_NONAME)
2020-07-19 13:04:12 | [INFO]    | Shard 0 : Reconnecting after 17258 ms...
2020-07-19 13:04:32 | [INFO]    | Shard 0 : Connected to wss://gateway.discord.gg
2020-07-19 13:04:32 | [INFO]    | Shard 0 : Received HELLO (["gateway-prd-main-b3fc",{"micros":0.0}])
2020-07-19 13:04:32 | [INFO]    | Shard 0 : Session invalidated, re-identifying...
2020-07-19 13:04:36 | [INFO]    | Shard 0 : Received READY (["gateway-prd-main-b3fc",{"micros":91483,"calls":["discord-sessions-prd-1-9",{"micros":80712,"calls":["start_session",{"micros":70446,"calls":["api-prd-main-trj9",{"micros":66922,"calls":["get_user",{"micros":9788},"add_authorized_ip",{"micros":5306},"get_guilds",{"micros":8639},"coros_wait",{"micros":3}]}]},"guilds_connect",{"micros":12,"calls":[]},"presence_connect",{"micros":7683,"calls":[]}]}]}])
2020-07-19 14:53:42 | [WARNING] | Shard 0 : Discord has requested a reconnection
2020-07-19 14:53:42 | [INFO]    | Shard 0 : Disconnected
2020-07-19 14:53:42 | [INFO]    | Shard 0 : Reconnecting...
2020-07-19 14:53:43 | [INFO]    | Shard 0 : Connected to wss://gateway.discord.gg
2020-07-19 14:53:43 | [INFO]    | Shard 0 : Received HELLO (["gateway-prd-main-7jbn",{"micros":0.0}])
2020-07-19 14:53:43 | [INFO]    | Shard 0 : Received READY (["gateway-prd-main-7jbn",{"micros":103163,"calls":["discord-sessions-prd-1-17",{"micros":97257,"calls":["start_session",{"micros":89863,"calls":["api-prd-main-tgj2",{"micros":80214,"calls":["get_user",{"micros":10348},"add_authorized_ip",{"micros":4104},"get_guilds",{"micros":6619},"coros_wait",{"micros":1}]}]},"guilds_connect",{"micros":5,"calls":[]},"presence_connect",{"micros":1,"calls":[]}]}]}])
2020-07-19 15:04:35 | [INFO]    | Shard 0 : Disconnected
2020-07-19 15:04:35 | [INFO]    | Shard 0 : Reconnecting after 1089 ms...
2020-07-19 15:04:39 | [INFO]    | Shard 0 : Connected to wss://gateway.discord.gg
2020-07-19 15:04:40 | [INFO]    | Shard 0 : Received HELLO (["gateway-prd-main-xd5p",{"micros":0.0}])
2020-07-19 15:04:40 | [INFO]    | Shard 0 : Received RESUMED (["gateway-prd-main-xd5p",{"micros":7510,"calls":["discord-sessions-prd-1-17",{"micros":49}]}])
2020-07-19 19:30:47 | [INFO]    | Shard 0 : Disconnected
2020-07-19 19:30:47 | [INFO]    | Shard 0 : Reconnecting after 951 ms...
2020-07-19 19:30:48 | [INFO]    | Shard 0 : Connected to wss://gateway.discord.gg
2020-07-19 19:30:48 | [INFO]    | Shard 0 : Received HELLO (["gateway-prd-main-ks9d",{"micros":0.0}])
2020-07-19 19:30:49 | [INFO]    | Shard 0 : Session invalidated, re-identifying...
2020-07-19 19:30:52 | [INFO]    | Shard 0 : Received READY (["gateway-prd-main-ks9d",{"micros":111446,"calls":["discord-sessions-prd-1-4",{"micros":108624,"calls":["start_session",{"micros":102264,"calls":["api-prd-main-8lh6",{"micros":90062,"calls":["get_user",{"micros":19279},"add_authorized_ip",{"micros":5761},"get_guilds",{"micros":8145},"coros_wait",{"micros":1}]}]},"guilds_connect",{"micros":5,"calls":[]},"presence_connect",{"micros":4230,"calls":[]}]}]}])
2020-07-30 15:06:50 | [INFO]    | Discordia 2.6.0
2020-07-30 15:06:50 | [INFO]    | Connecting to Discord...
2020-07-30 15:06:51 | [INFO]    | Authenticated as Hojo#6530
2020-07-30 15:06:51 | [INFO]    | Launching shard 0 (1 out of 1)...
2020-07-30 15:06:52 | [INFO]    | Shard 0 : Connected to wss://gateway.discord.gg
2020-07-30 15:06:52 | [INFO]    | Shard 0 : Received HELLO (["gateway-prd-main-9h40",{"micros":0.0}])
2020-07-30 15:06:52 | [INFO]    | Shard 0 : Received READY (["gateway-prd-main-9h40",{"micros":76943,"calls":["discord-sessions-prd-1-55",{"micros":75625,"calls":["start_session",{"micros":68722,"calls":["api-prd-main-q6vs",{"micros":66181,"calls":["get_user",{"micros":4131},"add_authorized_ip",{"micros":2264},"get_guilds",{"micros":3538},"coros_wait",{"micros":1}]}]},"guilds_connect",{"micros":14,"calls":[]},"presence_connect",{"micros":1978,"calls":[]}]}]}])
2020-07-30 15:16:05 | [INFO]    | Discordia 2.6.0
2020-07-30 15:16:05 | [INFO]    | Connecting to Discord...
2020-07-30 15:16:05 | [INFO]    | Authenticated as Hojo#6530
2020-07-30 15:16:05 | [INFO]    | Launching shard 0 (1 out of 1)...
2020-07-30 15:16:05 | [INFO]    | Shard 0 : Connected to wss://gateway.discord.gg
2020-07-30 15:16:05 | [INFO]    | Shard 0 : Received HELLO (["gateway-prd-main-xx2d",{"micros":0.0}])
2020-07-30 15:16:06 | [INFO]    | Shard 0 : Received READY (["gateway-prd-main-xx2d",{"micros":131590,"calls":["discord-sessions-prd-1-80",{"micros":130161,"calls":["start_session",{"micros":121493,"calls":["api-prd-main-t2g9",{"micros":116788,"calls":["get_user",{"micros":18518},"add_authorized_ip",{"micros":7725},"get_guilds",{"micros":10007},"coros_wait",{"micros":1}]}]},"guilds_connect",{"micros":8,"calls":[]},"presence_connect",{"micros":2,"calls":[]}]}]}])
2020-07-30 15:23:29 | [INFO]    | Discordia 2.6.0
2020-07-30 15:23:29 | [INFO]    | Connecting to Discord...
2020-07-30 15:23:30 | [INFO]    | Authenticated as Hojo#6530
2020-07-30 15:23:30 | [INFO]    | Launching shard 0 (1 out of 1)...
2020-07-30 15:23:30 | [INFO]    | Shard 0 : Connected to wss://gateway.discord.gg
2020-07-30 15:23:30 | [INFO]    | Shard 0 : Received HELLO (["gateway-prd-main-x73w",{"micros":0.0}])
2020-07-30 15:23:30 | [INFO]    | Shard 0 : Received READY (["gateway-prd-main-x73w",{"micros":58171,"calls":["discord-sessions-prd-1-28",{"micros":56269,"calls":["start_session",{"micros":50492,"calls":["api-prd-main-8cz0",{"micros":46820,"calls":["get_user",{"micros":4648},"add_authorized_ip",{"micros":1301},"get_guilds",{"micros":1538},"coros_wait",{"micros":1}]}]},"guilds_connect",{"micros":6,"calls":[]},"presence_connect",{"micros":1,"calls":[]}]}]}])
2020-07-30 15:29:05 | [INFO]    | Discordia 2.6.0
2020-07-30 15:29:05 | [INFO]    | Connecting to Discord...
2020-07-30 15:29:05 | [INFO]    | Authenticated as Hojo#6530
2020-07-30 15:29:05 | [INFO]    | Launching shard 0 (1 out of 1)...
2020-07-30 15:29:06 | [INFO]    | Shard 0 : Connected to wss://gateway.discord.gg
2020-07-30 15:29:06 | [INFO]    | Shard 0 : Received HELLO (["gateway-prd-main-8mkx",{"micros":0.0}])
2020-07-30 15:29:06 | [INFO]    | Shard 0 : Received READY (["gateway-prd-main-8mkx",{"micros":41417,"calls":["discord-sessions-prd-1-48",{"micros":39805,"calls":["start_session",{"micros":32793,"calls":["api-prd-main-430j",{"micros":30132,"calls":["get_user",{"micros":3503},"add_authorized_ip",{"micros":1822},"get_guilds",{"micros":1470},"coros_wait",{"micros":0}]}]},"guilds_connect",{"micros":15,"calls":[]},"presence_connect",{"micros":0,"calls":[]}]}]}])
2020-07-30 15:32:33 | [ERROR]   | 404 - Not Found : DELETE https://discordapp.com/api/v7/channels/665628439193059338/messages/738358291545194567
2020-07-30 15:34:02 | [ERROR]   | 404 - Not Found : DELETE https://discordapp.com/api/v7/channels/665628439193059338/messages/738358662006964277
